Using pre-set license
Built from '2022.3/release' branch; Version is '2022.3.20f1 (61c2feb0970d) revision 6406910'; Using compiler version '192829333'; Build Type 'Release'
OS: 'Windows 10  (10.0.19045) 64bit Professional' Language: 'en' Physical Memory: 32621 MB
BatchMode: 1, IsHumanControllingUs: 0, StartBugReporterOnCrash: 0, Is64bit: 1, IsPro: 1

COMMAND LINE ARGUMENTS:
D:\Unity\Editor\2022.3.20f1\Editor\Unity.exe
-adb2
-batchMode
-noUpm
-name
AssetImportWorker2
-projectPath
C:/Github/Robot-Care
-logFile
Logs/AssetImportWorker2.log
-srvPort
52298
Successfully changed project path to: C:/Github/Robot-Care
C:/Github/Robot-Care
[UnityMemory] Configuration Parameters - Can be set up in boot.config
    "memorysetup-bucket-allocator-granularity=16"
    "memorysetup-bucket-allocator-bucket-count=8"
    "memorysetup-bucket-allocator-block-size=33554432"
    "memorysetup-bucket-allocator-block-count=8"
    "memorysetup-main-allocator-block-size=16777216"
    "memorysetup-thread-allocator-block-size=16777216"
    "memorysetup-gfx-main-allocator-block-size=16777216"
    "memorysetup-gfx-thread-allocator-block-size=16777216"
    "memorysetup-cache-allocator-block-size=4194304"
    "memorysetup-typetree-allocator-block-size=2097152"
    "memorysetup-profiler-bucket-allocator-granularity=16"
    "memorysetup-profiler-bucket-allocator-bucket-count=8"
    "memorysetup-profiler-bucket-allocator-block-size=33554432"
    "memorysetup-profiler-bucket-allocator-block-count=8"
    "memorysetup-profiler-allocator-block-size=16777216"
    "memorysetup-profiler-editor-allocator-block-size=1048576"
    "memorysetup-temp-allocator-size-main=16777216"
    "memorysetup-job-temp-allocator-block-size=2097152"
    "memorysetup-job-temp-allocator-block-size-background=1048576"
    "memorysetup-job-temp-allocator-reduction-small-platforms=262144"
    "memorysetup-allocator-temp-initial-block-size-main=262144"
    "memorysetup-allocator-temp-initial-block-size-worker=262144"
    "memorysetup-temp-allocator-size-background-worker=32768"
    "memorysetup-temp-allocator-size-job-worker=262144"
    "memorysetup-temp-allocator-size-preload-manager=33554432"
    "memorysetup-temp-allocator-size-nav-mesh-worker=65536"
    "memorysetup-temp-allocator-size-audio-worker=65536"
    "memorysetup-temp-allocator-size-cloud-worker=32768"
    "memorysetup-temp-allocator-size-gi-baking-worker=262144"
    "memorysetup-temp-allocator-size-gfx=262144"
Player connection [21500] Host "[IP] 192.168.0.116 [Port] 0 [Flags] 2 [Guid] 458400068 [EditorId] 458400068 [Version] 1048832 [Id] WindowsEditor(7,DESKTOP-O6CST3K) [Debug] 1 [PackageName] WindowsEditor [ProjectName] Editor" joined multi-casting on [225.0.0.222:54997]...

Player connection [21500] Host "[IP] 192.168.0.116 [Port] 0 [Flags] 2 [Guid] 458400068 [EditorId] 458400068 [Version] 1048832 [Id] WindowsEditor(7,DESKTOP-O6CST3K) [Debug] 1 [PackageName] WindowsEditor [ProjectName] Editor" joined alternative multi-casting on [225.0.0.222:34997]...

[Physics::Module] Initialized MultithreadedJobDispatcher with 15 workers.
Refreshing native plugins compatible for Editor in 7.22 ms, found 3 plugins.
Preloading 0 native plugins for Editor in 0.00 ms.
Initialize engine version: 2022.3.20f1 (61c2feb0970d)
[Subsystems] Discovering subsystems at path D:/Unity/Editor/2022.3.20f1/Editor/Data/Resources/UnitySubsystems
[Subsystems] Discovering subsystems at path C:/Github/Robot-Care/Assets
GfxDevice: creating device client; threaded=0; jobified=0
Direct3D:
    Version:  Direct3D 11.0 [level 11.1]
    Renderer: NVIDIA GeForce RTX 3060 (ID=0x2503)
    Vendor:   NVIDIA
    VRAM:     12129 MB
    Driver:   31.0.15.3623
Initialize mono
Mono path[0] = 'D:/Unity/Editor/2022.3.20f1/Editor/Data/Managed'
Mono path[1] = 'D:/Unity/Editor/2022.3.20f1/Editor/Data/MonoBleedingEdge/lib/mono/unityjit-win32'
Mono config path = 'D:/Unity/Editor/2022.3.20f1/Editor/Data/MonoBleedingEdge/etc'
Using monoOptions --debugger-agent=transport=dt_socket,embedding=1,server=y,suspend=n,address=127.0.0.1:56028
Begin MonoManager ReloadAssembly
Registering precompiled unity dll's ...
Register platform support module: D:/Unity/Editor/2022.3.20f1/Editor/Data/PlaybackEngines/WindowsStandaloneSupport/UnityEditor.WindowsStandalone.Extensions.dll
Register platform support module: D:/Unity/Editor/2022.3.20f1/Editor/Data/PlaybackEngines/MetroSupport/UnityEditor.UWP.Extensions.dll
Registered in 0.004073 seconds.
- Loaded All Assemblies, in  0.291 seconds
Native extension for UWP target not found
Native extension for WindowsStandalone target not found
Mono: successfully reloaded assembly
- Finished resetting the current domain, in  0.232 seconds
Domain Reload Profiling: 523ms
	BeginReloadAssembly (85ms)
		ExecutionOrderSort (0ms)
		DisableScriptedObjects (0ms)
		BackupInstance (0ms)
		ReleaseScriptingObjects (0ms)
		CreateAndSetChildDomain (1ms)
	RebuildCommonClasses (29ms)
	RebuildNativeTypeToScriptingClass (10ms)
	initialDomainReloadingComplete (43ms)
	LoadAllAssembliesAndSetupDomain (123ms)
		LoadAssemblies (85ms)
		RebuildTransferFunctionScriptingTraits (0ms)
		AnalyzeDomain (121ms)
			TypeCache.Refresh (120ms)
				TypeCache.ScanAssembly (108ms)
			ScanForSourceGeneratedMonoScriptInfo (0ms)
			ResolveRequiredComponents (0ms)
	FinalizeReload (233ms)
		ReleaseScriptCaches (0ms)
		RebuildScriptCaches (0ms)
		SetupLoadedEditorAssemblies (183ms)
			LogAssemblyErrors (0ms)
			InitializePlatformSupportModulesInManaged (7ms)
			SetLoadedEditorAssemblies (5ms)
			RefreshPlugins (0ms)
			BeforeProcessingInitializeOnLoad (2ms)
			ProcessInitializeOnLoadAttributes (127ms)
			ProcessInitializeOnLoadMethodAttributes (42ms)
			AfterProcessingInitializeOnLoad (0ms)
			EditorAssembliesLoaded (0ms)
		ExecutionOrderSort2 (0ms)
		AwakeInstancesAfterBackupRestoration (0ms)
========================================================================
Worker process is ready to serve import requests
Begin MonoManager ReloadAssembly
- Loaded All Assemblies, in  0.481 seconds
Refreshing native plugins compatible for Editor in 2.31 ms, found 3 plugins.
Native extension for UWP target not found
Native extension for WindowsStandalone target not found
Package Manager log level set to [2]
[Package Manager] Server::EnsureServerProcessIsRunning -- launch failed, reason: Unity was launched with the -noUpm command-line argument
[Package Manager] UpmClient::Send -- Unable to send message (not connected to UPM process).
[Package Manager] Cannot connect to Unity Package Manager local server
Mono: successfully reloaded assembly
- Finished resetting the current domain, in  0.491 seconds
Domain Reload Profiling: 971ms
	BeginReloadAssembly (119ms)
		ExecutionOrderSort (0ms)
		DisableScriptedObjects (5ms)
		BackupInstance (0ms)
		ReleaseScriptingObjects (0ms)
		CreateAndSetChildDomain (18ms)
	RebuildCommonClasses (28ms)
	RebuildNativeTypeToScriptingClass (10ms)
	initialDomainReloadingComplete (31ms)
	LoadAllAssembliesAndSetupDomain (293ms)
		LoadAssemblies (210ms)
		RebuildTransferFunctionScriptingTraits (0ms)
		AnalyzeDomain (150ms)
			TypeCache.Refresh (133ms)
				TypeCache.ScanAssembly (121ms)
			ScanForSourceGeneratedMonoScriptInfo (12ms)
			ResolveRequiredComponents (4ms)
	FinalizeReload (491ms)
		ReleaseScriptCaches (0ms)
		RebuildScriptCaches (0ms)
		SetupLoadedEditorAssemblies (361ms)
			LogAssemblyErrors (0ms)
			InitializePlatformSupportModulesInManaged (4ms)
			SetLoadedEditorAssemblies (4ms)
			RefreshPlugins (0ms)
			BeforeProcessingInitializeOnLoad (48ms)
			ProcessInitializeOnLoadAttributes (280ms)
			ProcessInitializeOnLoadMethodAttributes (22ms)
			AfterProcessingInitializeOnLoad (3ms)
			EditorAssembliesLoaded (0ms)
		ExecutionOrderSort2 (0ms)
		AwakeInstancesAfterBackupRestoration (6ms)
Launched and connected shader compiler UnityShaderCompiler.exe after 0.03 seconds
Refreshing native plugins compatible for Editor in 2.31 ms, found 3 plugins.
Preloading 0 native plugins for Editor in 0.00 ms.
Unloading 3098 Unused Serialized files (Serialized files now loaded: 0)
Unloading 32 unused Assets / (57.3 KB). Loaded Objects now: 3565.
Memory consumption went from 130.0 MB to 129.9 MB.
Total: 2.500100 ms (FindLiveObjects: 0.214700 ms CreateObjectMapping: 0.146100 ms MarkObjects: 2.062000 ms  DeleteObjects: 0.076700 ms)

AssetImportParameters requested are different than current active one (requested -> active):
  custom:container-demuxer-ogg: 62fdf1f143b41e24485cea50d1cbac27 -> 
  custom:video-decoder-ogg-theora: a1e56fd34408186e4bbccfd4996cb3dc -> 
  custom:framework-win-MediaFoundation: 216162199b28c13a410421893ffa2e32 -> 
  custom:CustomObjectIndexerAttribute: 6d391050e5a25f67b0a2c618074f2cd9 -> 
  custom:container-demuxer-webm: 4f35f7cbe854078d1ac9338744f61a02 -> 
  custom:container-muxer-webm: aa71ff27fc2769a1b78a27578f13a17b -> 
  custom:video-decoder-webm-vp8: 9c59270c3fd7afecdb556c50c9e8de78 -> 
  custom:SearchIndexIgnoredProperties: e643bd26f0fe6173181afceb89e7c659 -> 
  custom:AudioImporter_EditorPlatform: d09bf68614088b80899f8185d706f6e7 -> 
  custom:video-encoder-webm-vp8: eb34c28f22e8b96e1ab97ce403110664 -> 
  custom:audio-decoder-ogg-vorbis: bf7c407c2cedff20999df2af8eb42d56 -> 
  custom:audio-encoder-webm-vorbis: bf7c407c2cedff20999df2af8eb42d56 -> 
========================================================================
Received Import Request.
  Time since last request: 84855.133413 seconds.
  path: Assets/PolygonSciFiSpace/Prefabs/FX/FX_Astroid_Field.prefab
  artifactKey: Guid(4df87d5522e7b174d90e60cedc32ef7a) Importer(815301076,1909f56bfc062723c751e8b465ee728b)
Start importing Assets/PolygonSciFiSpace/Prefabs/FX/FX_Astroid_Field.prefab using Guid(4df87d5522e7b174d90e60cedc32ef7a) Importer(815301076,1909f56bfc062723c751e8b465ee728b)  -> (artifact id: '6bbda53514716d9606bf1e7ac281c4f4') in 0.248874 seconds
Number of updated asset objects reloaded before import = 0
Number of asset objects unloaded after import = 8
========================================================================
Received Import Request.
  Time since last request: 0.000015 seconds.
  path: Assets/PolygonSciFiSpace/Prefabs/FX/FX_Fire_02.prefab
  artifactKey: Guid(4157b899cc0f3ae4baf5bb5413504013) Importer(815301076,1909f56bfc062723c751e8b465ee728b)
Start importing Assets/PolygonSciFiSpace/Prefabs/FX/FX_Fire_02.prefab using Guid(4157b899cc0f3ae4baf5bb5413504013) Importer(815301076,1909f56bfc062723c751e8b465ee728b)  -> (artifact id: '27207c5648a137e758baa155e039bb54') in 0.024821 seconds
Number of updated asset objects reloaded before import = 0
Number of asset objects unloaded after import = 7
========================================================================
Received Import Request.
  Time since last request: 0.000020 seconds.
  path: Assets/PolygonSciFiSpace/Prefabs/FX/FX_Bubbles.prefab
  artifactKey: Guid(0f958b237ff34dc41854495e16602a70) Importer(815301076,1909f56bfc062723c751e8b465ee728b)
Start importing Assets/PolygonSciFiSpace/Prefabs/FX/FX_Bubbles.prefab using Guid(0f958b237ff34dc41854495e16602a70) Importer(815301076,1909f56bfc062723c751e8b465ee728b)  -> (artifact id: '28fcdbc4d02783032bd652b66a4b34c5') in 0.011203 seconds
Number of updated asset objects reloaded before import = 0
Number of asset objects unloaded after import = 8
========================================================================
Received Import Request.
  Time since last request: 0.000012 seconds.
  path: Assets/PolygonSciFiSpace/Prefabs/FX/FX_Laser_Shot.prefab
  artifactKey: Guid(b510fe24f925ddd4bbf696284d146f51) Importer(815301076,1909f56bfc062723c751e8b465ee728b)
Start importing Assets/PolygonSciFiSpace/Prefabs/FX/FX_Laser_Shot.prefab using Guid(b510fe24f925ddd4bbf696284d146f51) Importer(815301076,1909f56bfc062723c751e8b465ee728b)  -> (artifact id: '6fcc3e8e7e3da3cb1b513217f9065038') in 0.079820 seconds
Number of updated asset objects reloaded before import = 0
Number of asset objects unloaded after import = 18
========================================================================
Received Import Request.
  Time since last request: 0.000011 seconds.
  path: Assets/PolygonSciFiSpace/Prefabs/FX/FX_Fire_01.prefab
  artifactKey: Guid(06d2c182145e6f442b2f802c23bdcc63) Importer(815301076,1909f56bfc062723c751e8b465ee728b)
Start importing Assets/PolygonSciFiSpace/Prefabs/FX/FX_Fire_01.prefab using Guid(06d2c182145e6f442b2f802c23bdcc63) Importer(815301076,1909f56bfc062723c751e8b465ee728b)  -> (artifact id: '454807c322e494a54033f41516b9e19b') in 0.012480 seconds
Number of updated asset objects reloaded before import = 0
Number of asset objects unloaded after import = 7
========================================================================
Received Import Request.
  Time since last request: 0.000012 seconds.
  path: Assets/PolygonSciFiSpace/Prefabs/FX/FX_Pebble_Debris.prefab
  artifactKey: Guid(f4428f3876530af48a50daf8fe3efdef) Importer(815301076,1909f56bfc062723c751e8b465ee728b)
Start importing Assets/PolygonSciFiSpace/Prefabs/FX/FX_Pebble_Debris.prefab using Guid(f4428f3876530af48a50daf8fe3efdef) Importer(815301076,1909f56bfc062723c751e8b465ee728b)  -> (artifact id: '9515654707ba7eea276b5b3e86aa9c29') in 0.031257 seconds
Number of updated asset objects reloaded before import = 0
Number of asset objects unloaded after import = 8
========================================================================
Received Import Request.
  Time since last request: 0.000012 seconds.
  path: Assets/PolygonSciFiSpace/Prefabs/FX/FX_WarpTunnel.prefab
  artifactKey: Guid(4bdd8cc941230c2449d2f346767daa72) Importer(815301076,1909f56bfc062723c751e8b465ee728b)
Start importing Assets/PolygonSciFiSpace/Prefabs/FX/FX_WarpTunnel.prefab using Guid(4bdd8cc941230c2449d2f346767daa72) Importer(815301076,1909f56bfc062723c751e8b465ee728b)  -> (artifact id: 'd82edf2c22d14936e29283d38412a8cb') in 0.046516 seconds
Number of updated asset objects reloaded before import = 0
Number of asset objects unloaded after import = 9
========================================================================
Received Import Request.
  Time since last request: 0.000014 seconds.
  path: Assets/PolygonSciFiSpace/Prefabs/FX/SM_Hud_Barrier_02.prefab
  artifactKey: Guid(77200928bb40da847a49bb3cb2b3b019) Importer(815301076,1909f56bfc062723c751e8b465ee728b)
Start importing Assets/PolygonSciFiSpace/Prefabs/FX/SM_Hud_Barrier_02.prefab using Guid(77200928bb40da847a49bb3cb2b3b019) Importer(815301076,1909f56bfc062723c751e8b465ee728b)  -> (artifact id: '3474ef2a82324eb771bfac56564fb4e5') in 0.016297 seconds
Number of updated asset objects reloaded before import = 0
Number of asset objects unloaded after import = 9
========================================================================
Received Import Request.
  Time since last request: 0.000023 seconds.
  path: Assets/PolygonSciFiSpace/Prefabs/FX/SM_Hud_Arrows_01.prefab
  artifactKey: Guid(32add447647f8484cb8b20366560ba5a) Importer(815301076,1909f56bfc062723c751e8b465ee728b)
Start importing Assets/PolygonSciFiSpace/Prefabs/FX/SM_Hud_Arrows_01.prefab using Guid(32add447647f8484cb8b20366560ba5a) Importer(815301076,1909f56bfc062723c751e8b465ee728b)  -> (artifact id: '0c08726b4bf7a990a93ea18754bff4fe') in 0.010253 seconds
Number of updated asset objects reloaded before import = 0
Number of asset objects unloaded after import = 9
========================================================================
Received Import Request.
  Time since last request: 0.000020 seconds.
  path: Assets/PolygonSciFiSpace/Prefabs/FX/SM_Hud_Reticle_03.prefab
  artifactKey: Guid(7b3220f81ebb4a042a7fb3af062020d8) Importer(815301076,1909f56bfc062723c751e8b465ee728b)
Start importing Assets/PolygonSciFiSpace/Prefabs/FX/SM_Hud_Reticle_03.prefab using Guid(7b3220f81ebb4a042a7fb3af062020d8) Importer(815301076,1909f56bfc062723c751e8b465ee728b)  -> (artifact id: 'e4174070df71b9f3e7f7277f087152c2') in 0.009652 seconds
Number of updated asset objects reloaded before import = 0
Number of asset objects unloaded after import = 9
========================================================================
Received Import Request.
  Time since last request: 0.000012 seconds.
  path: Assets/PolygonSciFiSpace/Prefabs/FX/FX_Explosion.prefab
  artifactKey: Guid(587eaecaa621be74486f351c78b4f0a8) Importer(815301076,1909f56bfc062723c751e8b465ee728b)
Start importing Assets/PolygonSciFiSpace/Prefabs/FX/FX_Explosion.prefab using Guid(587eaecaa621be74486f351c78b4f0a8) Importer(815301076,1909f56bfc062723c751e8b465ee728b)  -> (artifact id: '38a535f4a4dd22104c25057671a32be3') in 0.086939 seconds
Number of updated asset objects reloaded before import = 0
Number of asset objects unloaded after import = 26
========================================================================
Received Import Request.
  Time since last request: 0.000012 seconds.
  path: Assets/PolygonSciFiSpace/Prefabs/FX/SM_Hud_Reticle_06.prefab
  artifactKey: Guid(d30cfa5afde9bd44592b771d562944be) Importer(815301076,1909f56bfc062723c751e8b465ee728b)
Start importing Assets/PolygonSciFiSpace/Prefabs/FX/SM_Hud_Reticle_06.prefab using Guid(d30cfa5afde9bd44592b771d562944be) Importer(815301076,1909f56bfc062723c751e8b465ee728b)  -> (artifact id: '54dffcd1899276472e3e9936b6947358') in 0.015574 seconds
Number of updated asset objects reloaded before import = 0
Number of asset objects unloaded after import = 9
========================================================================
Received Import Request.
  Time since last request: 0.000018 seconds.
  path: Assets/PolygonSciFiSpace/Prefabs/FX/SM_Hud_Rings_01.prefab
  artifactKey: Guid(191aa21ca4bac4f4392dea427eb9e447) Importer(815301076,1909f56bfc062723c751e8b465ee728b)
Start importing Assets/PolygonSciFiSpace/Prefabs/FX/SM_Hud_Rings_01.prefab using Guid(191aa21ca4bac4f4392dea427eb9e447) Importer(815301076,1909f56bfc062723c751e8b465ee728b)  -> (artifact id: '9bc924bacc52ba73a9fd85b1647d577c') in 0.021844 seconds
Number of updated asset objects reloaded before import = 0
Number of asset objects unloaded after import = 9
========================================================================
Received Import Request.
  Time since last request: 0.000012 seconds.
  path: Assets/PolygonSciFiSpace/Prefabs/FX/SM_Hud_Rings_04.prefab
  artifactKey: Guid(b2eeeb629ac819a41b58b77ff8a97898) Importer(815301076,1909f56bfc062723c751e8b465ee728b)
Start importing Assets/PolygonSciFiSpace/Prefabs/FX/SM_Hud_Rings_04.prefab using Guid(b2eeeb629ac819a41b58b77ff8a97898) Importer(815301076,1909f56bfc062723c751e8b465ee728b)  -> (artifact id: '36c6d831f7db5e0dccc277500c580118') in 0.020631 seconds
Number of updated asset objects reloaded before import = 0
Number of asset objects unloaded after import = 9
========================================================================
Received Import Request.
  Time since last request: 0.000012 seconds.
  path: Assets/PolygonSciFiSpace/Prefabs/FX/SM_Hud_Barrier_03.prefab
  artifactKey: Guid(da6302050e3513d4aaf0fd646b416696) Importer(815301076,1909f56bfc062723c751e8b465ee728b)
Start importing Assets/PolygonSciFiSpace/Prefabs/FX/SM_Hud_Barrier_03.prefab using Guid(da6302050e3513d4aaf0fd646b416696) Importer(815301076,1909f56bfc062723c751e8b465ee728b)  -> (artifact id: '7923fcd33a79e98b76a85dacf22f7ca8') in 0.038866 seconds
Number of updated asset objects reloaded before import = 0
Number of asset objects unloaded after import = 9
========================================================================
Received Import Request.
  Time since last request: 0.000016 seconds.
  path: Assets/PolygonSciFiSpace/Prefabs/FX/SM_FX_LightBlocker_Cube_01.prefab
  artifactKey: Guid(f1724c51ea97a514f92bbabc97f40639) Importer(815301076,1909f56bfc062723c751e8b465ee728b)
Start importing Assets/PolygonSciFiSpace/Prefabs/FX/SM_FX_LightBlocker_Cube_01.prefab using Guid(f1724c51ea97a514f92bbabc97f40639) Importer(815301076,1909f56bfc062723c751e8b465ee728b)  -> (artifact id: 'fc2a1710935ed887f1982e7493a25755') in 0.054190 seconds
Number of updated asset objects reloaded before import = 0
Number of asset objects unloaded after import = 8
========================================================================
Received Import Request.
  Time since last request: 0.000020 seconds.
  path: Assets/PolygonSciFiSpace/Prefabs/FX/SM_Hud_Box_03.prefab
  artifactKey: Guid(f27d62e9b72774f4c83740b45d58b052) Importer(815301076,1909f56bfc062723c751e8b465ee728b)
Start importing Assets/PolygonSciFiSpace/Prefabs/FX/SM_Hud_Box_03.prefab using Guid(f27d62e9b72774f4c83740b45d58b052) Importer(815301076,1909f56bfc062723c751e8b465ee728b)  -> (artifact id: '7df93bd541bb0c90d432247cfe9ff9ed') in 0.057470 seconds
Number of updated asset objects reloaded before import = 0
Number of asset objects unloaded after import = 9
========================================================================
Received Import Request.
  Time since last request: 0.000013 seconds.
  path: Assets/PolygonSciFiSpace/Prefabs/FX/SM_Hud_Reticle_01.prefab
  artifactKey: Guid(6729f930068ace640991100782e83888) Importer(815301076,1909f56bfc062723c751e8b465ee728b)
Start importing Assets/PolygonSciFiSpace/Prefabs/FX/SM_Hud_Reticle_01.prefab using Guid(6729f930068ace640991100782e83888) Importer(815301076,1909f56bfc062723c751e8b465ee728b)  -> (artifact id: 'ee63fce4456186d4041796f3d19073e8') in 0.035461 seconds
Number of updated asset objects reloaded before import = 0
Number of asset objects unloaded after import = 9
========================================================================
Received Import Request.
  Time since last request: 0.000015 seconds.
  path: Assets/PolygonSciFiSpace/Prefabs/FX/FX_Missiles.prefab
  artifactKey: Guid(a765fb16b0a48744e851ca9d06b331b1) Importer(815301076,1909f56bfc062723c751e8b465ee728b)
Start importing Assets/PolygonSciFiSpace/Prefabs/FX/FX_Missiles.prefab using Guid(a765fb16b0a48744e851ca9d06b331b1) Importer(815301076,1909f56bfc062723c751e8b465ee728b)  -> (artifact id: 'f60bdbc573a2b8d1a317b12188573dd2') in 0.027010 seconds
Number of updated asset objects reloaded before import = 0
Number of asset objects unloaded after import = 29
========================================================================
Received Import Request.
  Time since last request: 0.000013 seconds.
  path: Assets/PolygonSciFiSpace/Prefabs/FX/FX_WarpTunnel_Dots.prefab
  artifactKey: Guid(1b1fbf5c6e21dcb4bb773f085e667393) Importer(815301076,1909f56bfc062723c751e8b465ee728b)
Start importing Assets/PolygonSciFiSpace/Prefabs/FX/FX_WarpTunnel_Dots.prefab using Guid(1b1fbf5c6e21dcb4bb773f085e667393) Importer(815301076,1909f56bfc062723c751e8b465ee728b)  -> (artifact id: 'e55efb93920b16073b7b0cf6590e1101') in 0.037429 seconds
Number of updated asset objects reloaded before import = 0
Number of asset objects unloaded after import = 8
========================================================================
Received Import Request.
  Time since last request: 0.000013 seconds.
  path: Assets/PolygonSciFiSpace/Prefabs/FX/SM_Hud_Text_03.prefab
  artifactKey: Guid(6ab3df218ef63eb4ca0d468cd332dbef) Importer(815301076,1909f56bfc062723c751e8b465ee728b)
Start importing Assets/PolygonSciFiSpace/Prefabs/FX/SM_Hud_Text_03.prefab using Guid(6ab3df218ef63eb4ca0d468cd332dbef) Importer(815301076,1909f56bfc062723c751e8b465ee728b)  -> (artifact id: '7bdece71759f05fb9ca1a92e62e9b66e') in 0.022154 seconds
Number of updated asset objects reloaded before import = 0
Number of asset objects unloaded after import = 9
========================================================================
Received Import Request.
  Time since last request: 0.000014 seconds.
  path: Assets/PolygonSciFiSpace/Prefabs/FX/SM_Hud_Box_02.prefab
  artifactKey: Guid(5a8a7a5de5aebb24a9934ede045856bc) Importer(815301076,1909f56bfc062723c751e8b465ee728b)
Start importing Assets/PolygonSciFiSpace/Prefabs/FX/SM_Hud_Box_02.prefab using Guid(5a8a7a5de5aebb24a9934ede045856bc) Importer(815301076,1909f56bfc062723c751e8b465ee728b)  -> (artifact id: '774a740f2c8971b941ef1a87442d7afb') in 0.011395 seconds
Number of updated asset objects reloaded before import = 0
Number of asset objects unloaded after import = 9
========================================================================
Received Import Request.
  Time since last request: 0.000012 seconds.
  path: Assets/PolygonSciFiSpace/Prefabs/FX/SM_Hud_Text_01.prefab
  artifactKey: Guid(0b50b301780f14d43b763bdb00a2a871) Importer(815301076,1909f56bfc062723c751e8b465ee728b)
Start importing Assets/PolygonSciFiSpace/Prefabs/FX/SM_Hud_Text_01.prefab using Guid(0b50b301780f14d43b763bdb00a2a871) Importer(815301076,1909f56bfc062723c751e8b465ee728b)  -> (artifact id: 'ed778600fdfc153400ceebcf8840cd76') in 0.011752 seconds
Number of updated asset objects reloaded before import = 0
Number of asset objects unloaded after import = 9
========================================================================
Received Import Request.
  Time since last request: 0.000014 seconds.
  path: Assets/PolygonSciFiSpace/Prefabs/FX/FX_Steam.prefab
  artifactKey: Guid(96decb074303dd644930252238107cd6) Importer(815301076,1909f56bfc062723c751e8b465ee728b)
Start importing Assets/PolygonSciFiSpace/Prefabs/FX/FX_Steam.prefab using Guid(96decb074303dd644930252238107cd6) Importer(815301076,1909f56bfc062723c751e8b465ee728b)  -> (artifact id: '22ea80a1d713dc5dce4328dba502205f') in 0.009167 seconds
Number of updated asset objects reloaded before import = 0
Number of asset objects unloaded after import = 7
========================================================================
Received Import Request.
  Time since last request: 0.000022 seconds.
  path: Assets/PolygonSciFiSpace/Prefabs/FX/SM_Hud_Text_04.prefab
  artifactKey: Guid(1852ce2a8e3023f43bd46803526138f4) Importer(815301076,1909f56bfc062723c751e8b465ee728b)
Start importing Assets/PolygonSciFiSpace/Prefabs/FX/SM_Hud_Text_04.prefab using Guid(1852ce2a8e3023f43bd46803526138f4) Importer(815301076,1909f56bfc062723c751e8b465ee728b)  -> (artifact id: 'c11a6d18b76d07175a32b6b8181b97f8') in 0.011725 seconds
Number of updated asset objects reloaded before import = 0
Number of asset objects unloaded after import = 9
========================================================================
Received Import Request.
  Time since last request: 0.000016 seconds.
  path: Assets/PolygonSciFiSpace/Prefabs/FX/SM_Hud_Reticle_04.prefab
  artifactKey: Guid(32117ddd83fd73548b89816453793371) Importer(815301076,1909f56bfc062723c751e8b465ee728b)
Start importing Assets/PolygonSciFiSpace/Prefabs/FX/SM_Hud_Reticle_04.prefab using Guid(32117ddd83fd73548b89816453793371) Importer(815301076,1909f56bfc062723c751e8b465ee728b)  -> (artifact id: 'b249f93c60a519e9d643ac5bdd4c9000') in 0.029431 seconds
Number of updated asset objects reloaded before import = 0
Number of asset objects unloaded after import = 9
========================================================================
Received Import Request.
  Time since last request: 0.000013 seconds.
  path: Assets/PolygonSciFiSpace/Prefabs/FX/FX_LightRayRound.prefab
  artifactKey: Guid(f75f632cd8eb73545ae070fb14c69333) Importer(815301076,1909f56bfc062723c751e8b465ee728b)
Start importing Assets/PolygonSciFiSpace/Prefabs/FX/FX_LightRayRound.prefab using Guid(f75f632cd8eb73545ae070fb14c69333) Importer(815301076,1909f56bfc062723c751e8b465ee728b)  -> (artifact id: '36ebef9fdf11368ce0cf9a82bb00475c') in 0.013151 seconds
Number of updated asset objects reloaded before import = 0
Number of asset objects unloaded after import = 15
========================================================================
Received Import Request.
  Time since last request: 0.000014 seconds.
  path: Assets/PolygonSciFiSpace/Prefabs/FX/SM_Hud_Reticle_07.prefab
  artifactKey: Guid(92e082508748fc449afabd6d223998f6) Importer(815301076,1909f56bfc062723c751e8b465ee728b)
Start importing Assets/PolygonSciFiSpace/Prefabs/FX/SM_Hud_Reticle_07.prefab using Guid(92e082508748fc449afabd6d223998f6) Importer(815301076,1909f56bfc062723c751e8b465ee728b)  -> (artifact id: '875a7d51e92544fc1d95764924381b0b') in 0.025926 seconds
Number of updated asset objects reloaded before import = 0
Number of asset objects unloaded after import = 9
========================================================================
Received Import Request.
  Time since last request: 0.000013 seconds.
  path: Assets/PolygonSciFiSpace/Prefabs/FX/FX_Flame_Booster_Square.prefab
  artifactKey: Guid(4a298e46d0e7c4c409d88415ebb4d047) Importer(815301076,1909f56bfc062723c751e8b465ee728b)
Start importing Assets/PolygonSciFiSpace/Prefabs/FX/FX_Flame_Booster_Square.prefab using Guid(4a298e46d0e7c4c409d88415ebb4d047) Importer(815301076,1909f56bfc062723c751e8b465ee728b)  -> (artifact id: 'd4b29e299030b2ecfa7dc00030770c0f') in 0.009799 seconds
Number of updated asset objects reloaded before import = 0
Number of asset objects unloaded after import = 9
Editor requested this worker to shutdown with reason: Scaling down because of idle timeout
TcpMessagingSession - receive error: operation aborted. errorcode: 995, details: The I/O operation has been aborted because of either a thread exit or an application request.
AssetImportWorker is now disconnected from the server
Process exiting
Exiting without the bug reporter. Application will terminate with return code 0