Using pre-set license
Built from '2022.3/release' branch; Version is '2022.3.20f1 (61c2feb0970d) revision 6406910'; Using compiler version '192829333'; Build Type 'Release'
OS: 'Windows 10  (10.0.19045) 64bit Professional' Language: 'en' Physical Memory: 32621 MB
BatchMode: 1, IsHumanControllingUs: 0, StartBugReporterOnCrash: 0, Is64bit: 1, IsPro: 1

COMMAND LINE ARGUMENTS:
D:\Unity\Editor\2022.3.20f1\Editor\Unity.exe
-adb2
-batchMode
-noUpm
-name
AssetImportWorker1
-projectPath
C:/Github/Robot-Care
-logFile
Logs/AssetImportWorker1.log
-srvPort
52298
Successfully changed project path to: C:/Github/Robot-Care
C:/Github/Robot-Care
[UnityMemory] Configuration Parameters - Can be set up in boot.config
    "memorysetup-bucket-allocator-granularity=16"
    "memorysetup-bucket-allocator-bucket-count=8"
    "memorysetup-bucket-allocator-block-size=33554432"
    "memorysetup-bucket-allocator-block-count=8"
    "memorysetup-main-allocator-block-size=16777216"
    "memorysetup-thread-allocator-block-size=16777216"
    "memorysetup-gfx-main-allocator-block-size=16777216"
    "memorysetup-gfx-thread-allocator-block-size=16777216"
    "memorysetup-cache-allocator-block-size=4194304"
    "memorysetup-typetree-allocator-block-size=2097152"
    "memorysetup-profiler-bucket-allocator-granularity=16"
    "memorysetup-profiler-bucket-allocator-bucket-count=8"
    "memorysetup-profiler-bucket-allocator-block-size=33554432"
    "memorysetup-profiler-bucket-allocator-block-count=8"
    "memorysetup-profiler-allocator-block-size=16777216"
    "memorysetup-profiler-editor-allocator-block-size=1048576"
    "memorysetup-temp-allocator-size-main=16777216"
    "memorysetup-job-temp-allocator-block-size=2097152"
    "memorysetup-job-temp-allocator-block-size-background=1048576"
    "memorysetup-job-temp-allocator-reduction-small-platforms=262144"
    "memorysetup-allocator-temp-initial-block-size-main=262144"
    "memorysetup-allocator-temp-initial-block-size-worker=262144"
    "memorysetup-temp-allocator-size-background-worker=32768"
    "memorysetup-temp-allocator-size-job-worker=262144"
    "memorysetup-temp-allocator-size-preload-manager=33554432"
    "memorysetup-temp-allocator-size-nav-mesh-worker=65536"
    "memorysetup-temp-allocator-size-audio-worker=65536"
    "memorysetup-temp-allocator-size-cloud-worker=32768"
    "memorysetup-temp-allocator-size-gi-baking-worker=262144"
    "memorysetup-temp-allocator-size-gfx=262144"
Player connection [14396] Host "[IP] 192.168.0.116 [Port] 0 [Flags] 2 [Guid] 4280322456 [EditorId] 4280322456 [Version] 1048832 [Id] WindowsEditor(7,DESKTOP-O6CST3K) [Debug] 1 [PackageName] WindowsEditor [ProjectName] Editor" joined multi-casting on [225.0.0.222:54997]...

Player connection [14396] Host "[IP] 192.168.0.116 [Port] 0 [Flags] 2 [Guid] 4280322456 [EditorId] 4280322456 [Version] 1048832 [Id] WindowsEditor(7,DESKTOP-O6CST3K) [Debug] 1 [PackageName] WindowsEditor [ProjectName] Editor" joined alternative multi-casting on [225.0.0.222:34997]...

[Physics::Module] Initialized MultithreadedJobDispatcher with 15 workers.
Refreshing native plugins compatible for Editor in 6.87 ms, found 3 plugins.
Preloading 0 native plugins for Editor in 0.00 ms.
Initialize engine version: 2022.3.20f1 (61c2feb0970d)
[Subsystems] Discovering subsystems at path D:/Unity/Editor/2022.3.20f1/Editor/Data/Resources/UnitySubsystems
[Subsystems] Discovering subsystems at path C:/Github/Robot-Care/Assets
GfxDevice: creating device client; threaded=0; jobified=0
Direct3D:
    Version:  Direct3D 11.0 [level 11.1]
    Renderer: NVIDIA GeForce RTX 3060 (ID=0x2503)
    Vendor:   NVIDIA
    VRAM:     12129 MB
    Driver:   31.0.15.3623
Initialize mono
Mono path[0] = 'D:/Unity/Editor/2022.3.20f1/Editor/Data/Managed'
Mono path[1] = 'D:/Unity/Editor/2022.3.20f1/Editor/Data/MonoBleedingEdge/lib/mono/unityjit-win32'
Mono config path = 'D:/Unity/Editor/2022.3.20f1/Editor/Data/MonoBleedingEdge/etc'
Using monoOptions --debugger-agent=transport=dt_socket,embedding=1,server=y,suspend=n,address=127.0.0.1:56116
Begin MonoManager ReloadAssembly
Registering precompiled unity dll's ...
Register platform support module: D:/Unity/Editor/2022.3.20f1/Editor/Data/PlaybackEngines/WindowsStandaloneSupport/UnityEditor.WindowsStandalone.Extensions.dll
Register platform support module: D:/Unity/Editor/2022.3.20f1/Editor/Data/PlaybackEngines/MetroSupport/UnityEditor.UWP.Extensions.dll
Registered in 0.004128 seconds.
- Loaded All Assemblies, in  0.313 seconds
Native extension for UWP target not found
Native extension for WindowsStandalone target not found
Mono: successfully reloaded assembly
- Finished resetting the current domain, in  0.242 seconds
Domain Reload Profiling: 555ms
	BeginReloadAssembly (88ms)
		ExecutionOrderSort (0ms)
		DisableScriptedObjects (0ms)
		BackupInstance (0ms)
		ReleaseScriptingObjects (0ms)
		CreateAndSetChildDomain (1ms)
	RebuildCommonClasses (32ms)
	RebuildNativeTypeToScriptingClass (11ms)
	initialDomainReloadingComplete (44ms)
	LoadAllAssembliesAndSetupDomain (138ms)
		LoadAssemblies (88ms)
		RebuildTransferFunctionScriptingTraits (0ms)
		AnalyzeDomain (136ms)
			TypeCache.Refresh (135ms)
				TypeCache.ScanAssembly (123ms)
			ScanForSourceGeneratedMonoScriptInfo (0ms)
			ResolveRequiredComponents (0ms)
	FinalizeReload (242ms)
		ReleaseScriptCaches (0ms)
		RebuildScriptCaches (0ms)
		SetupLoadedEditorAssemblies (190ms)
			LogAssemblyErrors (0ms)
			InitializePlatformSupportModulesInManaged (7ms)
			SetLoadedEditorAssemblies (5ms)
			RefreshPlugins (0ms)
			BeforeProcessingInitializeOnLoad (2ms)
			ProcessInitializeOnLoadAttributes (132ms)
			ProcessInitializeOnLoadMethodAttributes (43ms)
			AfterProcessingInitializeOnLoad (0ms)
			EditorAssembliesLoaded (0ms)
		ExecutionOrderSort2 (0ms)
		AwakeInstancesAfterBackupRestoration (0ms)
========================================================================
Worker process is ready to serve import requests
Begin MonoManager ReloadAssembly
- Loaded All Assemblies, in  0.522 seconds
Refreshing native plugins compatible for Editor in 2.47 ms, found 3 plugins.
Native extension for UWP target not found
Native extension for WindowsStandalone target not found
Package Manager log level set to [2]
[Package Manager] Server::EnsureServerProcessIsRunning -- launch failed, reason: Unity was launched with the -noUpm command-line argument
[Package Manager] UpmClient::Send -- Unable to send message (not connected to UPM process).
[Package Manager] Cannot connect to Unity Package Manager local server
Mono: successfully reloaded assembly
- Finished resetting the current domain, in  0.490 seconds
Domain Reload Profiling: 1011ms
	BeginReloadAssembly (141ms)
		ExecutionOrderSort (0ms)
		DisableScriptedObjects (6ms)
		BackupInstance (0ms)
		ReleaseScriptingObjects (0ms)
		CreateAndSetChildDomain (25ms)
	RebuildCommonClasses (30ms)
	RebuildNativeTypeToScriptingClass (10ms)
	initialDomainReloadingComplete (33ms)
	LoadAllAssembliesAndSetupDomain (309ms)
		LoadAssemblies (227ms)
		RebuildTransferFunctionScriptingTraits (0ms)
		AnalyzeDomain (154ms)
			TypeCache.Refresh (136ms)
				TypeCache.ScanAssembly (124ms)
			ScanForSourceGeneratedMonoScriptInfo (12ms)
			ResolveRequiredComponents (4ms)
	FinalizeReload (490ms)
		ReleaseScriptCaches (0ms)
		RebuildScriptCaches (0ms)
		SetupLoadedEditorAssemblies (358ms)
			LogAssemblyErrors (0ms)
			InitializePlatformSupportModulesInManaged (5ms)
			SetLoadedEditorAssemblies (4ms)
			RefreshPlugins (0ms)
			BeforeProcessingInitializeOnLoad (50ms)
			ProcessInitializeOnLoadAttributes (278ms)
			ProcessInitializeOnLoadMethodAttributes (18ms)
			AfterProcessingInitializeOnLoad (2ms)
			EditorAssembliesLoaded (0ms)
		ExecutionOrderSort2 (0ms)
		AwakeInstancesAfterBackupRestoration (6ms)
Launched and connected shader compiler UnityShaderCompiler.exe after 0.04 seconds
Refreshing native plugins compatible for Editor in 3.30 ms, found 3 plugins.
Preloading 0 native plugins for Editor in 0.00 ms.
Unloading 3098 Unused Serialized files (Serialized files now loaded: 0)
Unloading 32 unused Assets / (57.4 KB). Loaded Objects now: 3562.
Memory consumption went from 129.8 MB to 129.7 MB.
Total: 2.921600 ms (FindLiveObjects: 0.319400 ms CreateObjectMapping: 0.305700 ms MarkObjects: 2.206500 ms  DeleteObjects: 0.088900 ms)

AssetImportParameters requested are different than current active one (requested -> active):
  custom:container-demuxer-ogg: 62fdf1f143b41e24485cea50d1cbac27 -> 
  custom:video-decoder-ogg-theora: a1e56fd34408186e4bbccfd4996cb3dc -> 
  custom:framework-win-MediaFoundation: 216162199b28c13a410421893ffa2e32 -> 
  custom:CustomObjectIndexerAttribute: 6d391050e5a25f67b0a2c618074f2cd9 -> 
  custom:container-demuxer-webm: 4f35f7cbe854078d1ac9338744f61a02 -> 
  custom:container-muxer-webm: aa71ff27fc2769a1b78a27578f13a17b -> 
  custom:video-decoder-webm-vp8: 9c59270c3fd7afecdb556c50c9e8de78 -> 
  custom:SearchIndexIgnoredProperties: e643bd26f0fe6173181afceb89e7c659 -> 
  custom:AudioImporter_EditorPlatform: d09bf68614088b80899f8185d706f6e7 -> 
  custom:video-encoder-webm-vp8: eb34c28f22e8b96e1ab97ce403110664 -> 
  custom:audio-decoder-ogg-vorbis: bf7c407c2cedff20999df2af8eb42d56 -> 
  custom:audio-encoder-webm-vorbis: bf7c407c2cedff20999df2af8eb42d56 -> 
========================================================================
Received Import Request.
  Time since last request: 84035.614213 seconds.
  path: Assets/PolygonSciFiSpace/Prefabs/Signs/SM_Sign_Bridge_01.prefab
  artifactKey: Guid(a27af761503935449825b1af2d90cb87) Importer(815301076,1909f56bfc062723c751e8b465ee728b)
Start importing Assets/PolygonSciFiSpace/Prefabs/Signs/SM_Sign_Bridge_01.prefab using Guid(a27af761503935449825b1af2d90cb87) Importer(815301076,1909f56bfc062723c751e8b465ee728b)  -> (artifact id: 'b05339ec8c3908605136c1236cfc8ed0') in 0.109806 seconds
Number of updated asset objects reloaded before import = 0
Number of asset objects unloaded after import = 11
========================================================================
Received Import Request.
  Time since last request: 0.000016 seconds.
  path: Assets/PolygonSciFiSpace/Prefabs/Signs/SM_SignBorder_Arrow_02.prefab
  artifactKey: Guid(c473ddc8c27cd5844a39f065961816d0) Importer(815301076,1909f56bfc062723c751e8b465ee728b)
Start importing Assets/PolygonSciFiSpace/Prefabs/Signs/SM_SignBorder_Arrow_02.prefab using Guid(c473ddc8c27cd5844a39f065961816d0) Importer(815301076,1909f56bfc062723c751e8b465ee728b)  -> (artifact id: 'a3c68fd72feb6fad6e0e6bc27b65b95e') in 0.009508 seconds
Number of updated asset objects reloaded before import = 0
Number of asset objects unloaded after import = 11
========================================================================
Received Import Request.
  Time since last request: 0.000018 seconds.
  path: Assets/PolygonSciFiSpace/Prefabs/Signs/SM_Sign_LoadingBay_01.prefab
  artifactKey: Guid(eacca1dc49d67934a95675e5f9b3b3a9) Importer(815301076,1909f56bfc062723c751e8b465ee728b)
Start importing Assets/PolygonSciFiSpace/Prefabs/Signs/SM_Sign_LoadingBay_01.prefab using Guid(eacca1dc49d67934a95675e5f9b3b3a9) Importer(815301076,1909f56bfc062723c751e8b465ee728b)  -> (artifact id: '435b40dad23ed82226f41ee168d42ff0') in 0.046173 seconds
Number of updated asset objects reloaded before import = 0
Number of asset objects unloaded after import = 11
========================================================================
Received Import Request.
  Time since last request: 0.000012 seconds.
  path: Assets/PolygonSciFiSpace/Prefabs/Signs/SM_SignBorder_Nuclear_01.prefab
  artifactKey: Guid(6904c219f2e39ef4489cc86e957fb39b) Importer(815301076,1909f56bfc062723c751e8b465ee728b)
Start importing Assets/PolygonSciFiSpace/Prefabs/Signs/SM_SignBorder_Nuclear_01.prefab using Guid(6904c219f2e39ef4489cc86e957fb39b) Importer(815301076,1909f56bfc062723c751e8b465ee728b)  -> (artifact id: '6a1d72e64181be07ba2f4ae9b0309153') in 0.009039 seconds
Number of updated asset objects reloaded before import = 0
Number of asset objects unloaded after import = 11
========================================================================
Received Import Request.
  Time since last request: 0.000017 seconds.
  path: Assets/PolygonSciFiSpace/Prefabs/Signs/SM_Sign_Hydroponics_01.prefab
  artifactKey: Guid(d879ea79991891e448a421d780d61f0c) Importer(815301076,1909f56bfc062723c751e8b465ee728b)
Start importing Assets/PolygonSciFiSpace/Prefabs/Signs/SM_Sign_Hydroponics_01.prefab using Guid(d879ea79991891e448a421d780d61f0c) Importer(815301076,1909f56bfc062723c751e8b465ee728b)  -> (artifact id: 'b80144b576a1d93e0611048c2e50e53c') in 0.013803 seconds
Number of updated asset objects reloaded before import = 0
Number of asset objects unloaded after import = 11
========================================================================
Received Import Request.
  Time since last request: 0.000012 seconds.
  path: Assets/PolygonSciFiSpace/Prefabs/Signs/SM_SignBorder_Medical_02.prefab
  artifactKey: Guid(6c51b97ed238ab94194b4d10d5304df3) Importer(815301076,1909f56bfc062723c751e8b465ee728b)
Start importing Assets/PolygonSciFiSpace/Prefabs/Signs/SM_SignBorder_Medical_02.prefab using Guid(6c51b97ed238ab94194b4d10d5304df3) Importer(815301076,1909f56bfc062723c751e8b465ee728b)  -> (artifact id: '2543bc7551e69a7a77139d171a13972e') in 0.019341 seconds
Number of updated asset objects reloaded before import = 0
Number of asset objects unloaded after import = 11
========================================================================
Received Import Request.
  Time since last request: 0.000012 seconds.
  path: Assets/PolygonSciFiSpace/Prefabs/Signs/SM_SignBorder_Rocket_01.prefab
  artifactKey: Guid(60da3518d6b91c5458d3cea83979099c) Importer(815301076,1909f56bfc062723c751e8b465ee728b)
Start importing Assets/PolygonSciFiSpace/Prefabs/Signs/SM_SignBorder_Rocket_01.prefab using Guid(60da3518d6b91c5458d3cea83979099c) Importer(815301076,1909f56bfc062723c751e8b465ee728b)  -> (artifact id: '2f3d15d6b91ff7054c265d941c3da56e') in 0.008263 seconds
Number of updated asset objects reloaded before import = 0
Number of asset objects unloaded after import = 11
========================================================================
Received Import Request.
  Time since last request: 0.000012 seconds.
  path: Assets/PolygonSciFiSpace/Prefabs/Signs/SM_Sign_Hydroponics_02.prefab
  artifactKey: Guid(542db2b3edc6b484d9b9c5eb991357ac) Importer(815301076,1909f56bfc062723c751e8b465ee728b)
Start importing Assets/PolygonSciFiSpace/Prefabs/Signs/SM_Sign_Hydroponics_02.prefab using Guid(542db2b3edc6b484d9b9c5eb991357ac) Importer(815301076,1909f56bfc062723c751e8b465ee728b)  -> (artifact id: '75593a7e9495d8917ec06e0f2ee4b390') in 0.008001 seconds
Number of updated asset objects reloaded before import = 0
Number of asset objects unloaded after import = 11
========================================================================
Received Import Request.
  Time since last request: 0.000014 seconds.
  path: Assets/PolygonSciFiSpace/Prefabs/Signs/SM_Sign_Exit_02.prefab
  artifactKey: Guid(343d43e7744ea6d41ad6e2efa420dd69) Importer(815301076,1909f56bfc062723c751e8b465ee728b)
Start importing Assets/PolygonSciFiSpace/Prefabs/Signs/SM_Sign_Exit_02.prefab using Guid(343d43e7744ea6d41ad6e2efa420dd69) Importer(815301076,1909f56bfc062723c751e8b465ee728b)  -> (artifact id: 'b931869396072d3c400ff220f6695430') in 0.009026 seconds
Number of updated asset objects reloaded before import = 0
Number of asset objects unloaded after import = 11
========================================================================
Received Import Request.
  Time since last request: 0.000011 seconds.
  path: Assets/PolygonSciFiSpace/Prefabs/Signs/SM_SignBorder_Science_01.prefab
  artifactKey: Guid(9a7ca436afad9a447b92c0197c581059) Importer(815301076,1909f56bfc062723c751e8b465ee728b)
Start importing Assets/PolygonSciFiSpace/Prefabs/Signs/SM_SignBorder_Science_01.prefab using Guid(9a7ca436afad9a447b92c0197c581059) Importer(815301076,1909f56bfc062723c751e8b465ee728b)  -> (artifact id: '45e625f2e0149978357ca34fa749a002') in 0.008600 seconds
Number of updated asset objects reloaded before import = 0
Number of asset objects unloaded after import = 11
========================================================================
Received Import Request.
  Time since last request: 0.000012 seconds.
  path: Assets/PolygonSciFiSpace/Prefabs/Signs/SM_SignBorder_Medical_03.prefab
  artifactKey: Guid(eec3103d93ddde743922544195c85680) Importer(815301076,1909f56bfc062723c751e8b465ee728b)
Start importing Assets/PolygonSciFiSpace/Prefabs/Signs/SM_SignBorder_Medical_03.prefab using Guid(eec3103d93ddde743922544195c85680) Importer(815301076,1909f56bfc062723c751e8b465ee728b)  -> (artifact id: '53882f3e4e49c5d9156f18f05612205c') in 0.008806 seconds
Number of updated asset objects reloaded before import = 0
Number of asset objects unloaded after import = 11
========================================================================
Received Import Request.
  Time since last request: 0.000013 seconds.
  path: Assets/PolygonSciFiSpace/Prefabs/Signs/SM_SignBorder_Number_01.prefab
  artifactKey: Guid(fda97011b1fcd034f857bd95ce988c60) Importer(815301076,1909f56bfc062723c751e8b465ee728b)
Start importing Assets/PolygonSciFiSpace/Prefabs/Signs/SM_SignBorder_Number_01.prefab using Guid(fda97011b1fcd034f857bd95ce988c60) Importer(815301076,1909f56bfc062723c751e8b465ee728b)  -> (artifact id: 'ef85eedc587baa5f80735f755fa6c494') in 0.052508 seconds
Number of updated asset objects reloaded before import = 0
Number of asset objects unloaded after import = 11
========================================================================
Received Import Request.
  Time since last request: 0.000016 seconds.
  path: Assets/PolygonSciFiSpace/Prefabs/Signs/SM_Sign_Kitchen_01.prefab
  artifactKey: Guid(5876c072b3f2f4e4c9022833de0cfa1d) Importer(815301076,1909f56bfc062723c751e8b465ee728b)
Start importing Assets/PolygonSciFiSpace/Prefabs/Signs/SM_Sign_Kitchen_01.prefab using Guid(5876c072b3f2f4e4c9022833de0cfa1d) Importer(815301076,1909f56bfc062723c751e8b465ee728b)  -> (artifact id: 'ca4bf024b3218205c8d9122a26c02da8') in 0.010719 seconds
Number of updated asset objects reloaded before import = 0
Number of asset objects unloaded after import = 11
========================================================================
Received Import Request.
  Time since last request: 0.000020 seconds.
  path: Assets/PolygonSciFiSpace/Prefabs/Signs/SM_SignBorder_Number_04.prefab
  artifactKey: Guid(2a70b9704c1088a428329215f31f26c8) Importer(815301076,1909f56bfc062723c751e8b465ee728b)
Start importing Assets/PolygonSciFiSpace/Prefabs/Signs/SM_SignBorder_Number_04.prefab using Guid(2a70b9704c1088a428329215f31f26c8) Importer(815301076,1909f56bfc062723c751e8b465ee728b)  -> (artifact id: 'dd4a98181371f050e5e71c94ef7427ee') in 0.018021 seconds
Number of updated asset objects reloaded before import = 0
Number of asset objects unloaded after import = 11
========================================================================
Received Import Request.
  Time since last request: 0.000013 seconds.
  path: Assets/PolygonSciFiSpace/Prefabs/Signs/SM_SignBorder_Electric_01.prefab
  artifactKey: Guid(0c923c7f2d74d724ca701d2d1237dd19) Importer(815301076,1909f56bfc062723c751e8b465ee728b)
Start importing Assets/PolygonSciFiSpace/Prefabs/Signs/SM_SignBorder_Electric_01.prefab using Guid(0c923c7f2d74d724ca701d2d1237dd19) Importer(815301076,1909f56bfc062723c751e8b465ee728b)  -> (artifact id: 'e051e1fee01b04ab682f394bfecebfe2') in 0.067437 seconds
Number of updated asset objects reloaded before import = 0
Number of asset objects unloaded after import = 11
========================================================================
Received Import Request.
  Time since last request: 0.000015 seconds.
  path: Assets/PolygonSciFiSpace/Prefabs/Signs/SM_SignBorder_Number_09.prefab
  artifactKey: Guid(6bc1448372e38a8488e6f795c4c5306c) Importer(815301076,1909f56bfc062723c751e8b465ee728b)
Start importing Assets/PolygonSciFiSpace/Prefabs/Signs/SM_SignBorder_Number_09.prefab using Guid(6bc1448372e38a8488e6f795c4c5306c) Importer(815301076,1909f56bfc062723c751e8b465ee728b)  -> (artifact id: 'a3e55e8fe6d066ee829b488178f2941e') in 0.009383 seconds
Number of updated asset objects reloaded before import = 0
Number of asset objects unloaded after import = 11
========================================================================
Received Import Request.
  Time since last request: 0.000015 seconds.
  path: Assets/PolygonSciFiSpace/Prefabs/Signs/SM_SignBorder_Toxic_01.prefab
  artifactKey: Guid(8ca9ef6b18c031a4887384ad59774ae1) Importer(815301076,1909f56bfc062723c751e8b465ee728b)
Start importing Assets/PolygonSciFiSpace/Prefabs/Signs/SM_SignBorder_Toxic_01.prefab using Guid(8ca9ef6b18c031a4887384ad59774ae1) Importer(815301076,1909f56bfc062723c751e8b465ee728b)  -> (artifact id: 'be1512940ab8e81365df103b72d314fb') in 0.047492 seconds
Number of updated asset objects reloaded before import = 0
Number of asset objects unloaded after import = 11
========================================================================
Received Import Request.
  Time since last request: 0.000016 seconds.
  path: Assets/PolygonSciFiSpace/Prefabs/Signs/SM_SignBorder_Cog_01.prefab
  artifactKey: Guid(207c4df47bbdb954c96147f7a5c1783a) Importer(815301076,1909f56bfc062723c751e8b465ee728b)
Start importing Assets/PolygonSciFiSpace/Prefabs/Signs/SM_SignBorder_Cog_01.prefab using Guid(207c4df47bbdb954c96147f7a5c1783a) Importer(815301076,1909f56bfc062723c751e8b465ee728b)  -> (artifact id: '7f04415bcd0a6c81cb12178122c8a7e0') in 0.024902 seconds
Number of updated asset objects reloaded before import = 0
Number of asset objects unloaded after import = 11
========================================================================
Received Import Request.
  Time since last request: 0.000013 seconds.
  path: Assets/PolygonSciFiSpace/Prefabs/Signs/SM_Sign_LockerRoom_01.prefab
  artifactKey: Guid(b8ea8ccd6eb9ff94baecc8cba771f956) Importer(815301076,1909f56bfc062723c751e8b465ee728b)
Start importing Assets/PolygonSciFiSpace/Prefabs/Signs/SM_Sign_LockerRoom_01.prefab using Guid(b8ea8ccd6eb9ff94baecc8cba771f956) Importer(815301076,1909f56bfc062723c751e8b465ee728b)  -> (artifact id: '7d9b79d4af740c3ffaac45d4aa83edbd') in 0.027110 seconds
Number of updated asset objects reloaded before import = 0
Number of asset objects unloaded after import = 11
========================================================================
Received Import Request.
  Time since last request: 0.000014 seconds.
  path: Assets/PolygonSciFiSpace/Prefabs/Signs/SM_SignBorder_Heart_01.prefab
  artifactKey: Guid(2c45bd7eb310d47489922cbcc362de01) Importer(815301076,1909f56bfc062723c751e8b465ee728b)
Start importing Assets/PolygonSciFiSpace/Prefabs/Signs/SM_SignBorder_Heart_01.prefab using Guid(2c45bd7eb310d47489922cbcc362de01) Importer(815301076,1909f56bfc062723c751e8b465ee728b)  -> (artifact id: 'dd24b63a080f004c6771ad7dce1b64d9') in 0.021234 seconds
Number of updated asset objects reloaded before import = 0
Number of asset objects unloaded after import = 11
========================================================================
Received Import Request.
  Time since last request: 0.000022 seconds.
  path: Assets/PolygonSciFiSpace/Prefabs/Signs/SM_SignBorder_Ship_01.prefab
  artifactKey: Guid(34e8eb52cf05f1b4494c8bc63ad053c3) Importer(815301076,1909f56bfc062723c751e8b465ee728b)
Start importing Assets/PolygonSciFiSpace/Prefabs/Signs/SM_SignBorder_Ship_01.prefab using Guid(34e8eb52cf05f1b4494c8bc63ad053c3) Importer(815301076,1909f56bfc062723c751e8b465ee728b)  -> (artifact id: '3ce9b2a5ea230554695f3420d50a2442') in 0.023008 seconds
Number of updated asset objects reloaded before import = 0
Number of asset objects unloaded after import = 11
Editor requested this worker to shutdown with reason: Scaling down because of idle timeout
TcpMessagingSession - receive error: operation aborted. errorcode: 995, details: The I/O operation has been aborted because of either a thread exit or an application request.
AssetImportWorker is now disconnected from the server
Process exiting
Exiting without the bug reporter. Application will terminate with return code 0