Using pre-set license
Built from '2022.3/release' branch; Version is '2022.3.20f1 (61c2feb0970d) revision 6406910'; Using compiler version '192829333'; Build Type 'Release'
OS: 'Windows 10  (10.0.19045) 64bit Professional' Language: 'en' Physical Memory: 32621 MB
BatchMode: 1, IsHumanControllingUs: 0, StartBugReporterOnCrash: 0, Is64bit: 1, IsPro: 1

COMMAND LINE ARGUMENTS:
D:\Unity\Editor\2022.3.20f1\Editor\Unity.exe
-adb2
-batchMode
-noUpm
-name
AssetImportWorker13
-projectPath
C:/Github/Robot-Care
-logFile
Logs/AssetImportWorker13.log
-srvPort
52298
Successfully changed project path to: C:/Github/Robot-Care
C:/Github/Robot-Care
[UnityMemory] Configuration Parameters - Can be set up in boot.config
    "memorysetup-bucket-allocator-granularity=16"
    "memorysetup-bucket-allocator-bucket-count=8"
    "memorysetup-bucket-allocator-block-size=33554432"
    "memorysetup-bucket-allocator-block-count=8"
    "memorysetup-main-allocator-block-size=16777216"
    "memorysetup-thread-allocator-block-size=16777216"
    "memorysetup-gfx-main-allocator-block-size=16777216"
    "memorysetup-gfx-thread-allocator-block-size=16777216"
    "memorysetup-cache-allocator-block-size=4194304"
    "memorysetup-typetree-allocator-block-size=2097152"
    "memorysetup-profiler-bucket-allocator-granularity=16"
    "memorysetup-profiler-bucket-allocator-bucket-count=8"
    "memorysetup-profiler-bucket-allocator-block-size=33554432"
    "memorysetup-profiler-bucket-allocator-block-count=8"
    "memorysetup-profiler-allocator-block-size=16777216"
    "memorysetup-profiler-editor-allocator-block-size=1048576"
    "memorysetup-temp-allocator-size-main=16777216"
    "memorysetup-job-temp-allocator-block-size=2097152"
    "memorysetup-job-temp-allocator-block-size-background=1048576"
    "memorysetup-job-temp-allocator-reduction-small-platforms=262144"
    "memorysetup-allocator-temp-initial-block-size-main=262144"
    "memorysetup-allocator-temp-initial-block-size-worker=262144"
    "memorysetup-temp-allocator-size-background-worker=32768"
    "memorysetup-temp-allocator-size-job-worker=262144"
    "memorysetup-temp-allocator-size-preload-manager=33554432"
    "memorysetup-temp-allocator-size-nav-mesh-worker=65536"
    "memorysetup-temp-allocator-size-audio-worker=65536"
    "memorysetup-temp-allocator-size-cloud-worker=32768"
    "memorysetup-temp-allocator-size-gi-baking-worker=262144"
    "memorysetup-temp-allocator-size-gfx=262144"
Player connection [20828] Host "[IP] 192.168.0.116 [Port] 0 [Flags] 2 [Guid] 1562916040 [EditorId] 1562916040 [Version] 1048832 [Id] WindowsEditor(7,DESKTOP-O6CST3K) [Debug] 1 [PackageName] WindowsEditor [ProjectName] Editor" joined multi-casting on [225.0.0.222:54997]...

Player connection [20828] Host "[IP] 192.168.0.116 [Port] 0 [Flags] 2 [Guid] 1562916040 [EditorId] 1562916040 [Version] 1048832 [Id] WindowsEditor(7,DESKTOP-O6CST3K) [Debug] 1 [PackageName] WindowsEditor [ProjectName] Editor" joined alternative multi-casting on [225.0.0.222:34997]...

[Physics::Module] Initialized MultithreadedJobDispatcher with 15 workers.
Refreshing native plugins compatible for Editor in 9.62 ms, found 3 plugins.
Preloading 0 native plugins for Editor in 0.00 ms.
Initialize engine version: 2022.3.20f1 (61c2feb0970d)
[Subsystems] Discovering subsystems at path D:/Unity/Editor/2022.3.20f1/Editor/Data/Resources/UnitySubsystems
[Subsystems] Discovering subsystems at path C:/Github/Robot-Care/Assets
GfxDevice: creating device client; threaded=0; jobified=0
Direct3D:
    Version:  Direct3D 11.0 [level 11.1]
    Renderer: NVIDIA GeForce RTX 3060 (ID=0x2503)
    Vendor:   NVIDIA
    VRAM:     12129 MB
    Driver:   31.0.15.3623
Initialize mono
Mono path[0] = 'D:/Unity/Editor/2022.3.20f1/Editor/Data/Managed'
Mono path[1] = 'D:/Unity/Editor/2022.3.20f1/Editor/Data/MonoBleedingEdge/lib/mono/unityjit-win32'
Mono config path = 'D:/Unity/Editor/2022.3.20f1/Editor/Data/MonoBleedingEdge/etc'
Using monoOptions --debugger-agent=transport=dt_socket,embedding=1,server=y,suspend=n,address=127.0.0.1:56048
Begin MonoManager ReloadAssembly
Registering precompiled unity dll's ...
Register platform support module: D:/Unity/Editor/2022.3.20f1/Editor/Data/PlaybackEngines/WindowsStandaloneSupport/UnityEditor.WindowsStandalone.Extensions.dll
Register platform support module: D:/Unity/Editor/2022.3.20f1/Editor/Data/PlaybackEngines/MetroSupport/UnityEditor.UWP.Extensions.dll
Registered in 0.004376 seconds.
- Loaded All Assemblies, in  0.302 seconds
Native extension for UWP target not found
Native extension for WindowsStandalone target not found
Mono: successfully reloaded assembly
- Finished resetting the current domain, in  0.245 seconds
Domain Reload Profiling: 547ms
	BeginReloadAssembly (89ms)
		ExecutionOrderSort (0ms)
		DisableScriptedObjects (0ms)
		BackupInstance (0ms)
		ReleaseScriptingObjects (0ms)
		CreateAndSetChildDomain (1ms)
	RebuildCommonClasses (29ms)
	RebuildNativeTypeToScriptingClass (10ms)
	initialDomainReloadingComplete (45ms)
	LoadAllAssembliesAndSetupDomain (129ms)
		LoadAssemblies (88ms)
		RebuildTransferFunctionScriptingTraits (0ms)
		AnalyzeDomain (128ms)
			TypeCache.Refresh (127ms)
				TypeCache.ScanAssembly (115ms)
			ScanForSourceGeneratedMonoScriptInfo (0ms)
			ResolveRequiredComponents (0ms)
	FinalizeReload (245ms)
		ReleaseScriptCaches (0ms)
		RebuildScriptCaches (0ms)
		SetupLoadedEditorAssemblies (195ms)
			LogAssemblyErrors (0ms)
			InitializePlatformSupportModulesInManaged (7ms)
			SetLoadedEditorAssemblies (4ms)
			RefreshPlugins (0ms)
			BeforeProcessingInitializeOnLoad (2ms)
			ProcessInitializeOnLoadAttributes (135ms)
			ProcessInitializeOnLoadMethodAttributes (47ms)
			AfterProcessingInitializeOnLoad (0ms)
			EditorAssembliesLoaded (0ms)
		ExecutionOrderSort2 (0ms)
		AwakeInstancesAfterBackupRestoration (0ms)
========================================================================
Worker process is ready to serve import requests
Begin MonoManager ReloadAssembly
- Loaded All Assemblies, in  0.506 seconds
Refreshing native plugins compatible for Editor in 2.42 ms, found 3 plugins.
Native extension for UWP target not found
Native extension for WindowsStandalone target not found
Package Manager log level set to [2]
[Package Manager] Server::EnsureServerProcessIsRunning -- launch failed, reason: Unity was launched with the -noUpm command-line argument
[Package Manager] UpmClient::Send -- Unable to send message (not connected to UPM process).
[Package Manager] Cannot connect to Unity Package Manager local server
Mono: successfully reloaded assembly
- Finished resetting the current domain, in  0.489 seconds
Domain Reload Profiling: 994ms
	BeginReloadAssembly (122ms)
		ExecutionOrderSort (0ms)
		DisableScriptedObjects (6ms)
		BackupInstance (0ms)
		ReleaseScriptingObjects (0ms)
		CreateAndSetChildDomain (18ms)
	RebuildCommonClasses (31ms)
	RebuildNativeTypeToScriptingClass (15ms)
	initialDomainReloadingComplete (40ms)
	LoadAllAssembliesAndSetupDomain (298ms)
		LoadAssemblies (218ms)
		RebuildTransferFunctionScriptingTraits (0ms)
		AnalyzeDomain (148ms)
			TypeCache.Refresh (131ms)
				TypeCache.ScanAssembly (119ms)
			ScanForSourceGeneratedMonoScriptInfo (12ms)
			ResolveRequiredComponents (4ms)
	FinalizeReload (489ms)
		ReleaseScriptCaches (0ms)
		RebuildScriptCaches (0ms)
		SetupLoadedEditorAssemblies (359ms)
			LogAssemblyErrors (0ms)
			InitializePlatformSupportModulesInManaged (5ms)
			SetLoadedEditorAssemblies (4ms)
			RefreshPlugins (0ms)
			BeforeProcessingInitializeOnLoad (50ms)
			ProcessInitializeOnLoadAttributes (281ms)
			ProcessInitializeOnLoadMethodAttributes (17ms)
			AfterProcessingInitializeOnLoad (2ms)
			EditorAssembliesLoaded (0ms)
		ExecutionOrderSort2 (0ms)
		AwakeInstancesAfterBackupRestoration (6ms)
Launched and connected shader compiler UnityShaderCompiler.exe after 0.03 seconds
Refreshing native plugins compatible for Editor in 2.31 ms, found 3 plugins.
Preloading 0 native plugins for Editor in 0.00 ms.
Unloading 3098 Unused Serialized files (Serialized files now loaded: 0)
Unloading 32 unused Assets / (57.3 KB). Loaded Objects now: 3565.
Memory consumption went from 130.0 MB to 129.9 MB.
Total: 2.267400 ms (FindLiveObjects: 0.206900 ms CreateObjectMapping: 0.155800 ms MarkObjects: 1.830800 ms  DeleteObjects: 0.073200 ms)

AssetImportParameters requested are different than current active one (requested -> active):
  custom:container-demuxer-ogg: 62fdf1f143b41e24485cea50d1cbac27 -> 
  custom:video-decoder-ogg-theora: a1e56fd34408186e4bbccfd4996cb3dc -> 
  custom:framework-win-MediaFoundation: 216162199b28c13a410421893ffa2e32 -> 
  custom:CustomObjectIndexerAttribute: 6d391050e5a25f67b0a2c618074f2cd9 -> 
  custom:container-demuxer-webm: 4f35f7cbe854078d1ac9338744f61a02 -> 
  custom:container-muxer-webm: aa71ff27fc2769a1b78a27578f13a17b -> 
  custom:video-decoder-webm-vp8: 9c59270c3fd7afecdb556c50c9e8de78 -> 
  custom:SearchIndexIgnoredProperties: e643bd26f0fe6173181afceb89e7c659 -> 
  custom:AudioImporter_EditorPlatform: d09bf68614088b80899f8185d706f6e7 -> 
  custom:video-encoder-webm-vp8: eb34c28f22e8b96e1ab97ce403110664 -> 
  custom:audio-decoder-ogg-vorbis: bf7c407c2cedff20999df2af8eb42d56 -> 
  custom:audio-encoder-webm-vorbis: bf7c407c2cedff20999df2af8eb42d56 -> 
========================================================================
Received Import Request.
  Time since last request: 90180.876690 seconds.
  path: Assets/PolygonSciFiSpace/Prefabs/Props/SM_Prop_Barrel_01.prefab
  artifactKey: Guid(311e5dd270daced46a5eaa165501520c) Importer(815301076,1909f56bfc062723c751e8b465ee728b)
Start importing Assets/PolygonSciFiSpace/Prefabs/Props/SM_Prop_Barrel_01.prefab using Guid(311e5dd270daced46a5eaa165501520c) Importer(815301076,1909f56bfc062723c751e8b465ee728b)  -> (artifact id: '54033e58701d1fa380a137ecd280594a') in 0.103100 seconds
Number of updated asset objects reloaded before import = 0
Number of asset objects unloaded after import = 12
========================================================================
Received Import Request.
  Time since last request: 0.000042 seconds.
  path: Assets/PolygonSciFiSpace/Prefabs/Props/SM_Prop_Bed_Medical_01.prefab
  artifactKey: Guid(749d56d0f8a95ef43b423b2da92f480a) Importer(815301076,1909f56bfc062723c751e8b465ee728b)
Start importing Assets/PolygonSciFiSpace/Prefabs/Props/SM_Prop_Bed_Medical_01.prefab using Guid(749d56d0f8a95ef43b423b2da92f480a) Importer(815301076,1909f56bfc062723c751e8b465ee728b)  -> (artifact id: '8831902df2c2faf40c08762c6fd8cd5f') in 0.022540 seconds
Number of updated asset objects reloaded before import = 0
Number of asset objects unloaded after import = 17
========================================================================
Received Import Request.
  Time since last request: 0.000017 seconds.
  path: Assets/PolygonSciFiSpace/Prefabs/Props/SM_Prop_Bed_02.prefab
  artifactKey: Guid(c7acefda6a9eb7b4488be398feda34f0) Importer(815301076,1909f56bfc062723c751e8b465ee728b)
Start importing Assets/PolygonSciFiSpace/Prefabs/Props/SM_Prop_Bed_02.prefab using Guid(c7acefda6a9eb7b4488be398feda34f0) Importer(815301076,1909f56bfc062723c751e8b465ee728b)  -> (artifact id: '18d54888b2197e5e12475607293dc0af') in 0.057237 seconds
Number of updated asset objects reloaded before import = 0
Number of asset objects unloaded after import = 12
========================================================================
Received Import Request.
  Time since last request: 0.111472 seconds.
  path: Assets/PolygonSciFiSpace/Prefabs/Props/SM_Prop_Buttons_07.prefab
  artifactKey: Guid(5c015e2809caad7408cd0045ebb69552) Importer(815301076,1909f56bfc062723c751e8b465ee728b)
Start importing Assets/PolygonSciFiSpace/Prefabs/Props/SM_Prop_Buttons_07.prefab using Guid(5c015e2809caad7408cd0045ebb69552) Importer(815301076,1909f56bfc062723c751e8b465ee728b)  -> (artifact id: '6152f6a40b9f7126d711a97bef56d86c') in 0.036099 seconds
Number of updated asset objects reloaded before import = 0
Number of asset objects unloaded after import = 12
========================================================================
Received Import Request.
  Time since last request: 0.069681 seconds.
  path: Assets/PolygonSciFiSpace/Prefabs/Props/SM_Prop_Cart_01.prefab
  artifactKey: Guid(b03c45e22533d7f428c8cb2775370d26) Importer(815301076,1909f56bfc062723c751e8b465ee728b)
Start importing Assets/PolygonSciFiSpace/Prefabs/Props/SM_Prop_Cart_01.prefab using Guid(b03c45e22533d7f428c8cb2775370d26) Importer(815301076,1909f56bfc062723c751e8b465ee728b)  -> (artifact id: 'd0e8195d7d95835d8cc1544926a99827') in 0.015362 seconds
Number of updated asset objects reloaded before import = 0
Number of asset objects unloaded after import = 12
========================================================================
Received Import Request.
  Time since last request: 0.000014 seconds.
  path: Assets/PolygonSciFiSpace/Prefabs/Props/SM_Prop_CenterTube_01.prefab
  artifactKey: Guid(f796d66558fca29419a48453d6837c5b) Importer(815301076,1909f56bfc062723c751e8b465ee728b)
Start importing Assets/PolygonSciFiSpace/Prefabs/Props/SM_Prop_CenterTube_01.prefab using Guid(f796d66558fca29419a48453d6837c5b) Importer(815301076,1909f56bfc062723c751e8b465ee728b)  -> (artifact id: 'e118bde88ec44ba2e95e5750f1f8fdbc') in 0.024961 seconds
Number of updated asset objects reloaded before import = 0
Number of asset objects unloaded after import = 18
========================================================================
Received Import Request.
  Time since last request: 0.000014 seconds.
  path: Assets/PolygonSciFiSpace/Prefabs/Props/SM_Prop_Chr_Male_Cryo_01.prefab
  artifactKey: Guid(101879632eab8164c8e253c6bbca0c2d) Importer(815301076,1909f56bfc062723c751e8b465ee728b)
Start importing Assets/PolygonSciFiSpace/Prefabs/Props/SM_Prop_Chr_Male_Cryo_01.prefab using Guid(101879632eab8164c8e253c6bbca0c2d) Importer(815301076,1909f56bfc062723c751e8b465ee728b)  -> (artifact id: '12aadb8bd4f61bdd9eb5426833e4f3f4') in 0.031014 seconds
Number of updated asset objects reloaded before import = 0
Number of asset objects unloaded after import = 12
========================================================================
Received Import Request.
  Time since last request: 0.000013 seconds.
  path: Assets/PolygonSciFiSpace/Prefabs/Props/SM_Prop_CornerSeat_01.prefab
  artifactKey: Guid(708686da7f437214a8ac771fb0a33cca) Importer(815301076,1909f56bfc062723c751e8b465ee728b)
Start importing Assets/PolygonSciFiSpace/Prefabs/Props/SM_Prop_CornerSeat_01.prefab using Guid(708686da7f437214a8ac771fb0a33cca) Importer(815301076,1909f56bfc062723c751e8b465ee728b)  -> (artifact id: 'a88c303af007ec34e69c1b5178d83451') in 0.013900 seconds
Number of updated asset objects reloaded before import = 0
Number of asset objects unloaded after import = 16
========================================================================
Received Import Request.
  Time since last request: 0.000013 seconds.
  path: Assets/PolygonSciFiSpace/Prefabs/Props/SM_Prop_Crate_health_01.prefab
  artifactKey: Guid(f1c03e36cea56a94fa6f58010cc58f51) Importer(815301076,1909f56bfc062723c751e8b465ee728b)
Start importing Assets/PolygonSciFiSpace/Prefabs/Props/SM_Prop_Crate_health_01.prefab using Guid(f1c03e36cea56a94fa6f58010cc58f51) Importer(815301076,1909f56bfc062723c751e8b465ee728b)  -> (artifact id: '1a3331106fce9fed6ff9b2f6b9e8878a') in 0.029564 seconds
Number of updated asset objects reloaded before import = 0
Number of asset objects unloaded after import = 12
========================================================================
Received Import Request.
  Time since last request: 0.000015 seconds.
  path: Assets/PolygonSciFiSpace/Prefabs/Props/SM_Prop_Crate_Ammo_01.prefab
  artifactKey: Guid(6d7f4fb9a58cedf4998b9bac4a0a6bbf) Importer(815301076,1909f56bfc062723c751e8b465ee728b)
Start importing Assets/PolygonSciFiSpace/Prefabs/Props/SM_Prop_Crate_Ammo_01.prefab using Guid(6d7f4fb9a58cedf4998b9bac4a0a6bbf) Importer(815301076,1909f56bfc062723c751e8b465ee728b)  -> (artifact id: '62a3fc875c5ebf94344548d169a44de6') in 0.057782 seconds
Number of updated asset objects reloaded before import = 0
Number of asset objects unloaded after import = 12
========================================================================
Received Import Request.
  Time since last request: 0.000014 seconds.
  path: Assets/PolygonSciFiSpace/Prefabs/Props/SM_Prop_Crate_Ammo_02.prefab
  artifactKey: Guid(c64020e8da8f6e2438256a8d90965f45) Importer(815301076,1909f56bfc062723c751e8b465ee728b)
Start importing Assets/PolygonSciFiSpace/Prefabs/Props/SM_Prop_Crate_Ammo_02.prefab using Guid(c64020e8da8f6e2438256a8d90965f45) Importer(815301076,1909f56bfc062723c751e8b465ee728b)  -> (artifact id: '08c2e488aaafc3560d844907c63ddd3b') in 0.079233 seconds
Number of updated asset objects reloaded before import = 0
Number of asset objects unloaded after import = 12
========================================================================
Received Import Request.
  Time since last request: 0.000022 seconds.
  path: Assets/PolygonSciFiSpace/Prefabs/Props/SM_Prop_Chr_Female_Cryo_01.prefab
  artifactKey: Guid(f7966e3c057d8e246918b676e5fddd78) Importer(815301076,1909f56bfc062723c751e8b465ee728b)
Start importing Assets/PolygonSciFiSpace/Prefabs/Props/SM_Prop_Chr_Female_Cryo_01.prefab using Guid(f7966e3c057d8e246918b676e5fddd78) Importer(815301076,1909f56bfc062723c751e8b465ee728b)  -> (artifact id: '5311e86daf7b9e50782da03a4296685a') in 0.011931 seconds
Number of updated asset objects reloaded before import = 0
Number of asset objects unloaded after import = 12
========================================================================
Received Import Request.
  Time since last request: 0.925500 seconds.
  path: Assets/PolygonSciFiSpace/Prefabs/Props/SM_Prop_DeadZub_01.prefab
  artifactKey: Guid(837a69a60c20ad24496b30d902e55a78) Importer(815301076,1909f56bfc062723c751e8b465ee728b)
Start importing Assets/PolygonSciFiSpace/Prefabs/Props/SM_Prop_DeadZub_01.prefab using Guid(837a69a60c20ad24496b30d902e55a78) Importer(815301076,1909f56bfc062723c751e8b465ee728b)  -> (artifact id: '728cef780c938aa448608b5dc066af76') in 0.019673 seconds
Number of updated asset objects reloaded before import = 0
Number of asset objects unloaded after import = 12
========================================================================
Received Import Request.
  Time since last request: 0.000012 seconds.
  path: Assets/PolygonSciFiSpace/Prefabs/Props/SM_Prop_Desk_End_01.prefab
  artifactKey: Guid(e18f0221fe48009489540ed0735c694f) Importer(815301076,1909f56bfc062723c751e8b465ee728b)
Start importing Assets/PolygonSciFiSpace/Prefabs/Props/SM_Prop_Desk_End_01.prefab using Guid(e18f0221fe48009489540ed0735c694f) Importer(815301076,1909f56bfc062723c751e8b465ee728b)  -> (artifact id: '4bc12f610072ab892f76360a1f78d23a') in 0.012438 seconds
Number of updated asset objects reloaded before import = 0
Number of asset objects unloaded after import = 12
========================================================================
Received Import Request.
  Time since last request: 0.000011 seconds.
  path: Assets/PolygonSciFiSpace/Prefabs/Props/SM_Prop_Detail_Box_02.prefab
  artifactKey: Guid(40836d4f6272e984eabbe20122fbb147) Importer(815301076,1909f56bfc062723c751e8b465ee728b)
Start importing Assets/PolygonSciFiSpace/Prefabs/Props/SM_Prop_Detail_Box_02.prefab using Guid(40836d4f6272e984eabbe20122fbb147) Importer(815301076,1909f56bfc062723c751e8b465ee728b)  -> (artifact id: '2b3a7851227ff9f9b03d6745fc2b237a') in 0.018347 seconds
Number of updated asset objects reloaded before import = 0
Number of asset objects unloaded after import = 12
========================================================================
Received Import Request.
  Time since last request: 0.000015 seconds.
  path: Assets/PolygonSciFiSpace/Prefabs/Props/SM_Prop_Desk_Small_01.prefab
  artifactKey: Guid(998bc3d7ba2e6684fbd7ca1a9d17ba9c) Importer(815301076,1909f56bfc062723c751e8b465ee728b)
Start importing Assets/PolygonSciFiSpace/Prefabs/Props/SM_Prop_Desk_Small_01.prefab using Guid(998bc3d7ba2e6684fbd7ca1a9d17ba9c) Importer(815301076,1909f56bfc062723c751e8b465ee728b)  -> (artifact id: '7cf8902793414230c108da09b20180e4') in 0.013150 seconds
Number of updated asset objects reloaded before import = 0
Number of asset objects unloaded after import = 12
========================================================================
Received Import Request.
  Time since last request: 0.752807 seconds.
  path: Assets/PolygonSciFiSpace/Prefabs/Props/SM_Prop_Detail_Handle_01.prefab
  artifactKey: Guid(09e39d321068a6b4096271c8369d3c36) Importer(815301076,1909f56bfc062723c751e8b465ee728b)
Start importing Assets/PolygonSciFiSpace/Prefabs/Props/SM_Prop_Detail_Handle_01.prefab using Guid(09e39d321068a6b4096271c8369d3c36) Importer(815301076,1909f56bfc062723c751e8b465ee728b)  -> (artifact id: '16c9bb288668df8a6f917c9d028f7b50') in 0.010932 seconds
Number of updated asset objects reloaded before import = 0
Number of asset objects unloaded after import = 12
========================================================================
Received Import Request.
  Time since last request: 0.051295 seconds.
  path: Assets/PolygonSciFiSpace/Prefabs/Props/SM_Prop_Detail_Machine_01.prefab
  artifactKey: Guid(fd9d4559e348d1848afae02ff2af4428) Importer(815301076,1909f56bfc062723c751e8b465ee728b)
Start importing Assets/PolygonSciFiSpace/Prefabs/Props/SM_Prop_Detail_Machine_01.prefab using Guid(fd9d4559e348d1848afae02ff2af4428) Importer(815301076,1909f56bfc062723c751e8b465ee728b)  -> (artifact id: '65ca3061d015a10c9b82ea93c9374d1d') in 0.015150 seconds
Number of updated asset objects reloaded before import = 0
Number of asset objects unloaded after import = 12
========================================================================
Received Import Request.
  Time since last request: 0.100611 seconds.
  path: Assets/PolygonSciFiSpace/Prefabs/Props/SM_Prop_Detail_Pipe_Pillar_01.prefab
  artifactKey: Guid(ce9b978936ceef746818d82687f446f0) Importer(815301076,1909f56bfc062723c751e8b465ee728b)
Start importing Assets/PolygonSciFiSpace/Prefabs/Props/SM_Prop_Detail_Pipe_Pillar_01.prefab using Guid(ce9b978936ceef746818d82687f446f0) Importer(815301076,1909f56bfc062723c751e8b465ee728b)  -> (artifact id: '12a7c7cc4b2d797f8c0ab28aaa7d1d7e') in 0.010540 seconds
Number of updated asset objects reloaded before import = 0
Number of asset objects unloaded after import = 12
========================================================================
Received Import Request.
  Time since last request: 0.000012 seconds.
  path: Assets/PolygonSciFiSpace/Prefabs/Props/SM_Prop_Detail_Pipe_Straight_01.prefab
  artifactKey: Guid(93daf3f4d9daec34898d398d93900507) Importer(815301076,1909f56bfc062723c751e8b465ee728b)
Start importing Assets/PolygonSciFiSpace/Prefabs/Props/SM_Prop_Detail_Pipe_Straight_01.prefab using Guid(93daf3f4d9daec34898d398d93900507) Importer(815301076,1909f56bfc062723c751e8b465ee728b)  -> (artifact id: '050ac7a20ef6338067e688a0b22ba0dc') in 0.010664 seconds
Number of updated asset objects reloaded before import = 0
Number of asset objects unloaded after import = 12
========================================================================
Received Import Request.
  Time since last request: 0.007003 seconds.
  path: Assets/PolygonSciFiSpace/Prefabs/Props/SM_Prop_Detail_Pipes_03.prefab
  artifactKey: Guid(6a45b09b669e4904a96655f7c0dc5f63) Importer(815301076,1909f56bfc062723c751e8b465ee728b)
Start importing Assets/PolygonSciFiSpace/Prefabs/Props/SM_Prop_Detail_Pipes_03.prefab using Guid(6a45b09b669e4904a96655f7c0dc5f63) Importer(815301076,1909f56bfc062723c751e8b465ee728b)  -> (artifact id: '449da4fc6cac4339ef6b164636ceb6df') in 0.015348 seconds
Number of updated asset objects reloaded before import = 0
Number of asset objects unloaded after import = 12
========================================================================
Received Import Request.
  Time since last request: 0.000012 seconds.
  path: Assets/PolygonSciFiSpace/Prefabs/Props/SM_Prop_Detail_Struts_01.prefab
  artifactKey: Guid(793598bf7562cf342af84339fff1c6eb) Importer(815301076,1909f56bfc062723c751e8b465ee728b)
Start importing Assets/PolygonSciFiSpace/Prefabs/Props/SM_Prop_Detail_Struts_01.prefab using Guid(793598bf7562cf342af84339fff1c6eb) Importer(815301076,1909f56bfc062723c751e8b465ee728b)  -> (artifact id: 'c658fdae528d3b3a344e5460cb3d7c02') in 0.011443 seconds
Number of updated asset objects reloaded before import = 0
Number of asset objects unloaded after import = 12
========================================================================
Received Import Request.
  Time since last request: 0.000011 seconds.
  path: Assets/PolygonSciFiSpace/Prefabs/Props/SM_Prop_Detail_Tank_01.prefab
  artifactKey: Guid(f9dbf295e577a354fb25bee156bf968c) Importer(815301076,1909f56bfc062723c751e8b465ee728b)
Start importing Assets/PolygonSciFiSpace/Prefabs/Props/SM_Prop_Detail_Tank_01.prefab using Guid(f9dbf295e577a354fb25bee156bf968c) Importer(815301076,1909f56bfc062723c751e8b465ee728b)  -> (artifact id: '7ad53d57b480cf19207f9bf66e698aee') in 0.014635 seconds
Number of updated asset objects reloaded before import = 0
Number of asset objects unloaded after import = 12
========================================================================
Received Import Request.
  Time since last request: 0.059640 seconds.
  path: Assets/PolygonSciFiSpace/Prefabs/Props/SM_Prop_Detail_Wire_04.prefab
  artifactKey: Guid(b17eb2b5b99dc52459f61e2ec97139a2) Importer(815301076,1909f56bfc062723c751e8b465ee728b)
Start importing Assets/PolygonSciFiSpace/Prefabs/Props/SM_Prop_Detail_Wire_04.prefab using Guid(b17eb2b5b99dc52459f61e2ec97139a2) Importer(815301076,1909f56bfc062723c751e8b465ee728b)  -> (artifact id: '975642f5c8d1dfabe03c8a6ff266e153') in 0.040187 seconds
Number of updated asset objects reloaded before import = 0
Number of asset objects unloaded after import = 12
========================================================================
Received Import Request.
  Time since last request: 0.003216 seconds.
  path: Assets/PolygonSciFiSpace/Prefabs/Props/SM_Prop_Engine_Construction_01.prefab
  artifactKey: Guid(71cc042e82536124e97c26fd10790a95) Importer(815301076,1909f56bfc062723c751e8b465ee728b)
Start importing Assets/PolygonSciFiSpace/Prefabs/Props/SM_Prop_Engine_Construction_01.prefab using Guid(71cc042e82536124e97c26fd10790a95) Importer(815301076,1909f56bfc062723c751e8b465ee728b)  -> (artifact id: '94e33840a983f6f9a9937bf7ee6141a0') in 0.013530 seconds
Number of updated asset objects reloaded before import = 0
Number of asset objects unloaded after import = 12
========================================================================
Received Import Request.
  Time since last request: 0.017316 seconds.
  path: Assets/PolygonSciFiSpace/Prefabs/Props/SM_Prop_FoodPacket_01.prefab
  artifactKey: Guid(4b67e38e406bca642bb53f573a10631f) Importer(815301076,1909f56bfc062723c751e8b465ee728b)
Start importing Assets/PolygonSciFiSpace/Prefabs/Props/SM_Prop_FoodPacket_01.prefab using Guid(4b67e38e406bca642bb53f573a10631f) Importer(815301076,1909f56bfc062723c751e8b465ee728b)  -> (artifact id: 'd0edcf8c0c62f422b0b06e0aeb9bd8ef') in 0.012122 seconds
Number of updated asset objects reloaded before import = 0
Number of asset objects unloaded after import = 12
========================================================================
Received Import Request.
  Time since last request: 0.000018 seconds.
  path: Assets/PolygonSciFiSpace/Prefabs/Props/SM_Prop_FoodTray_01.prefab
  artifactKey: Guid(5dc62f3f20909a14abbe9319c9bc9051) Importer(815301076,1909f56bfc062723c751e8b465ee728b)
Start importing Assets/PolygonSciFiSpace/Prefabs/Props/SM_Prop_FoodTray_01.prefab using Guid(5dc62f3f20909a14abbe9319c9bc9051) Importer(815301076,1909f56bfc062723c751e8b465ee728b)  -> (artifact id: 'c77895dcefb8c4ccd1b77bf1d60fe556') in 0.013144 seconds
Number of updated asset objects reloaded before import = 0
Number of asset objects unloaded after import = 12
========================================================================
Received Import Request.
  Time since last request: 0.000015 seconds.
  path: Assets/PolygonSciFiSpace/Prefabs/Props/SM_Prop_FoodTray_02.prefab
  artifactKey: Guid(f6a0690a1a2cf5c4991db22c1eb6a071) Importer(815301076,1909f56bfc062723c751e8b465ee728b)
Start importing Assets/PolygonSciFiSpace/Prefabs/Props/SM_Prop_FoodTray_02.prefab using Guid(f6a0690a1a2cf5c4991db22c1eb6a071) Importer(815301076,1909f56bfc062723c751e8b465ee728b)  -> (artifact id: '0890e2fa26b89d843a77d7c08f1e6461') in 0.017091 seconds
Number of updated asset objects reloaded before import = 0
Number of asset objects unloaded after import = 12
========================================================================
Received Import Request.
  Time since last request: 0.002743 seconds.
  path: Assets/PolygonSciFiSpace/Prefabs/Props/SM_Prop_Greeble_Cube_02.prefab
  artifactKey: Guid(53fb1d77f34c4a649beb2615688f5747) Importer(815301076,1909f56bfc062723c751e8b465ee728b)
Start importing Assets/PolygonSciFiSpace/Prefabs/Props/SM_Prop_Greeble_Cube_02.prefab using Guid(53fb1d77f34c4a649beb2615688f5747) Importer(815301076,1909f56bfc062723c751e8b465ee728b)  -> (artifact id: '2a9f038292002f7e22563d0f3a31043a') in 0.048115 seconds
Number of updated asset objects reloaded before import = 0
Number of asset objects unloaded after import = 12
========================================================================
Received Import Request.
  Time since last request: 0.056136 seconds.
  path: Assets/PolygonSciFiSpace/Prefabs/Props/SM_Prop_HandScanner_01.prefab
  artifactKey: Guid(c37ec2b7a5c4ed345b07d1a3d577e46e) Importer(815301076,1909f56bfc062723c751e8b465ee728b)
Start importing Assets/PolygonSciFiSpace/Prefabs/Props/SM_Prop_HandScanner_01.prefab using Guid(c37ec2b7a5c4ed345b07d1a3d577e46e) Importer(815301076,1909f56bfc062723c751e8b465ee728b)  -> (artifact id: 'c8e33bdb340cdd80dcf35fa9b1959158') in 0.017341 seconds
Number of updated asset objects reloaded before import = 0
Number of asset objects unloaded after import = 12
========================================================================
Received Import Request.
  Time since last request: 0.000012 seconds.
  path: Assets/PolygonSciFiSpace/Prefabs/Props/SM_Prop_Hose_02.prefab
  artifactKey: Guid(30702313a21daeb46894ccb857b89045) Importer(815301076,1909f56bfc062723c751e8b465ee728b)
Start importing Assets/PolygonSciFiSpace/Prefabs/Props/SM_Prop_Hose_02.prefab using Guid(30702313a21daeb46894ccb857b89045) Importer(815301076,1909f56bfc062723c751e8b465ee728b)  -> (artifact id: '3af0f527e893f32afaedc946ad243ae3') in 0.012547 seconds
Number of updated asset objects reloaded before import = 0
Number of asset objects unloaded after import = 12
========================================================================
Received Import Request.
  Time since last request: 3.229366 seconds.
  path: Assets/PolygonSciFiSpace/Prefabs/Weapons/SM_Wep_Shotgun_01.prefab
  artifactKey: Guid(d0838917cb453dc4cad3e49b1be3f4b4) Importer(815301076,1909f56bfc062723c751e8b465ee728b)
Start importing Assets/PolygonSciFiSpace/Prefabs/Weapons/SM_Wep_Shotgun_01.prefab using Guid(d0838917cb453dc4cad3e49b1be3f4b4) Importer(815301076,1909f56bfc062723c751e8b465ee728b)  -> (artifact id: '1cbdcfb5179c859dfefb4e6195644df0') in 0.201213 seconds
Number of updated asset objects reloaded before import = 0
Number of asset objects unloaded after import = 27
Editor requested this worker to shutdown with reason: Scaling down because of idle timeout
TcpMessagingSession - receive error: operation aborted. errorcode: 995, details: The I/O operation has been aborted because of either a thread exit or an application request.
AssetImportWorker is now disconnected from the server
Process exiting
Exiting without the bug reporter. Application will terminate with return code 0