Using pre-set license
Built from '2022.3/release' branch; Version is '2022.3.20f1 (61c2feb0970d) revision 6406910'; Using compiler version '192829333'; Build Type 'Release'
OS: 'Windows 10  (10.0.19045) 64bit Professional' Language: 'en' Physical Memory: 32621 MB
BatchMode: 1, IsHumanControllingUs: 0, StartBugReporterOnCrash: 0, Is64bit: 1, IsPro: 1

COMMAND LINE ARGUMENTS:
D:\Unity\Editor\2022.3.20f1\Editor\Unity.exe
-adb2
-batchMode
-noUpm
-name
AssetImportWorker10
-projectPath
C:/Github/Robot-Care
-logFile
Logs/AssetImportWorker10.log
-srvPort
52298
Successfully changed project path to: C:/Github/Robot-Care
C:/Github/Robot-Care
[UnityMemory] Configuration Parameters - Can be set up in boot.config
    "memorysetup-bucket-allocator-granularity=16"
    "memorysetup-bucket-allocator-bucket-count=8"
    "memorysetup-bucket-allocator-block-size=33554432"
    "memorysetup-bucket-allocator-block-count=8"
    "memorysetup-main-allocator-block-size=16777216"
    "memorysetup-thread-allocator-block-size=16777216"
    "memorysetup-gfx-main-allocator-block-size=16777216"
    "memorysetup-gfx-thread-allocator-block-size=16777216"
    "memorysetup-cache-allocator-block-size=4194304"
    "memorysetup-typetree-allocator-block-size=2097152"
    "memorysetup-profiler-bucket-allocator-granularity=16"
    "memorysetup-profiler-bucket-allocator-bucket-count=8"
    "memorysetup-profiler-bucket-allocator-block-size=33554432"
    "memorysetup-profiler-bucket-allocator-block-count=8"
    "memorysetup-profiler-allocator-block-size=16777216"
    "memorysetup-profiler-editor-allocator-block-size=1048576"
    "memorysetup-temp-allocator-size-main=16777216"
    "memorysetup-job-temp-allocator-block-size=2097152"
    "memorysetup-job-temp-allocator-block-size-background=1048576"
    "memorysetup-job-temp-allocator-reduction-small-platforms=262144"
    "memorysetup-allocator-temp-initial-block-size-main=262144"
    "memorysetup-allocator-temp-initial-block-size-worker=262144"
    "memorysetup-temp-allocator-size-background-worker=32768"
    "memorysetup-temp-allocator-size-job-worker=262144"
    "memorysetup-temp-allocator-size-preload-manager=33554432"
    "memorysetup-temp-allocator-size-nav-mesh-worker=65536"
    "memorysetup-temp-allocator-size-audio-worker=65536"
    "memorysetup-temp-allocator-size-cloud-worker=32768"
    "memorysetup-temp-allocator-size-gi-baking-worker=262144"
    "memorysetup-temp-allocator-size-gfx=262144"
Player connection [8196] Host "[IP] 192.168.0.116 [Port] 0 [Flags] 2 [Guid] 1391597440 [EditorId] 1391597440 [Version] 1048832 [Id] WindowsEditor(7,DESKTOP-O6CST3K) [Debug] 1 [PackageName] WindowsEditor [ProjectName] Editor" joined multi-casting on [225.0.0.222:54997]...

Player connection [8196] Host "[IP] 192.168.0.116 [Port] 0 [Flags] 2 [Guid] 1391597440 [EditorId] 1391597440 [Version] 1048832 [Id] WindowsEditor(7,DESKTOP-O6CST3K) [Debug] 1 [PackageName] WindowsEditor [ProjectName] Editor" joined alternative multi-casting on [225.0.0.222:34997]...

[Physics::Module] Initialized MultithreadedJobDispatcher with 15 workers.
Refreshing native plugins compatible for Editor in 7.32 ms, found 3 plugins.
Preloading 0 native plugins for Editor in 0.00 ms.
Initialize engine version: 2022.3.20f1 (61c2feb0970d)
[Subsystems] Discovering subsystems at path D:/Unity/Editor/2022.3.20f1/Editor/Data/Resources/UnitySubsystems
[Subsystems] Discovering subsystems at path C:/Github/Robot-Care/Assets
GfxDevice: creating device client; threaded=0; jobified=0
Direct3D:
    Version:  Direct3D 11.0 [level 11.1]
    Renderer: NVIDIA GeForce RTX 3060 (ID=0x2503)
    Vendor:   NVIDIA
    VRAM:     12129 MB
    Driver:   31.0.15.3623
Initialize mono
Mono path[0] = 'D:/Unity/Editor/2022.3.20f1/Editor/Data/Managed'
Mono path[1] = 'D:/Unity/Editor/2022.3.20f1/Editor/Data/MonoBleedingEdge/lib/mono/unityjit-win32'
Mono config path = 'D:/Unity/Editor/2022.3.20f1/Editor/Data/MonoBleedingEdge/etc'
Using monoOptions --debugger-agent=transport=dt_socket,embedding=1,server=y,suspend=n,address=127.0.0.1:56516
Begin MonoManager ReloadAssembly
Registering precompiled unity dll's ...
Register platform support module: D:/Unity/Editor/2022.3.20f1/Editor/Data/PlaybackEngines/WindowsStandaloneSupport/UnityEditor.WindowsStandalone.Extensions.dll
Register platform support module: D:/Unity/Editor/2022.3.20f1/Editor/Data/PlaybackEngines/MetroSupport/UnityEditor.UWP.Extensions.dll
Registered in 0.004762 seconds.
- Loaded All Assemblies, in  0.327 seconds
Native extension for UWP target not found
Native extension for WindowsStandalone target not found
Mono: successfully reloaded assembly
- Finished resetting the current domain, in  0.256 seconds
Domain Reload Profiling: 583ms
	BeginReloadAssembly (93ms)
		ExecutionOrderSort (0ms)
		DisableScriptedObjects (0ms)
		BackupInstance (0ms)
		ReleaseScriptingObjects (0ms)
		CreateAndSetChildDomain (1ms)
	RebuildCommonClasses (33ms)
	RebuildNativeTypeToScriptingClass (10ms)
	initialDomainReloadingComplete (46ms)
	LoadAllAssembliesAndSetupDomain (145ms)
		LoadAssemblies (92ms)
		RebuildTransferFunctionScriptingTraits (0ms)
		AnalyzeDomain (144ms)
			TypeCache.Refresh (142ms)
				TypeCache.ScanAssembly (129ms)
			ScanForSourceGeneratedMonoScriptInfo (0ms)
			ResolveRequiredComponents (0ms)
	FinalizeReload (256ms)
		ReleaseScriptCaches (0ms)
		RebuildScriptCaches (0ms)
		SetupLoadedEditorAssemblies (200ms)
			LogAssemblyErrors (0ms)
			InitializePlatformSupportModulesInManaged (7ms)
			SetLoadedEditorAssemblies (5ms)
			RefreshPlugins (0ms)
			BeforeProcessingInitializeOnLoad (2ms)
			ProcessInitializeOnLoadAttributes (143ms)
			ProcessInitializeOnLoadMethodAttributes (43ms)
			AfterProcessingInitializeOnLoad (0ms)
			EditorAssembliesLoaded (0ms)
		ExecutionOrderSort2 (0ms)
		AwakeInstancesAfterBackupRestoration (0ms)
========================================================================
Worker process is ready to serve import requests
Begin MonoManager ReloadAssembly
- Loaded All Assemblies, in  0.500 seconds
Refreshing native plugins compatible for Editor in 2.37 ms, found 3 plugins.
Native extension for UWP target not found
Native extension for WindowsStandalone target not found
Package Manager log level set to [2]
[Package Manager] Server::EnsureServerProcessIsRunning -- launch failed, reason: Unity was launched with the -noUpm command-line argument
[Package Manager] UpmClient::Send -- Unable to send message (not connected to UPM process).
[Package Manager] Cannot connect to Unity Package Manager local server
Mono: successfully reloaded assembly
- Finished resetting the current domain, in  0.504 seconds
Domain Reload Profiling: 1003ms
	BeginReloadAssembly (123ms)
		ExecutionOrderSort (0ms)
		DisableScriptedObjects (5ms)
		BackupInstance (0ms)
		ReleaseScriptingObjects (0ms)
		CreateAndSetChildDomain (18ms)
	RebuildCommonClasses (30ms)
	RebuildNativeTypeToScriptingClass (10ms)
	initialDomainReloadingComplete (32ms)
	LoadAllAssembliesAndSetupDomain (305ms)
		LoadAssemblies (216ms)
		RebuildTransferFunctionScriptingTraits (0ms)
		AnalyzeDomain (156ms)
			TypeCache.Refresh (139ms)
				TypeCache.ScanAssembly (126ms)
			ScanForSourceGeneratedMonoScriptInfo (12ms)
			ResolveRequiredComponents (4ms)
	FinalizeReload (504ms)
		ReleaseScriptCaches (0ms)
		RebuildScriptCaches (0ms)
		SetupLoadedEditorAssemblies (365ms)
			LogAssemblyErrors (0ms)
			InitializePlatformSupportModulesInManaged (5ms)
			SetLoadedEditorAssemblies (4ms)
			RefreshPlugins (0ms)
			BeforeProcessingInitializeOnLoad (48ms)
			ProcessInitializeOnLoadAttributes (287ms)
			ProcessInitializeOnLoadMethodAttributes (18ms)
			AfterProcessingInitializeOnLoad (2ms)
			EditorAssembliesLoaded (0ms)
		ExecutionOrderSort2 (0ms)
		AwakeInstancesAfterBackupRestoration (6ms)
Launched and connected shader compiler UnityShaderCompiler.exe after 0.03 seconds
Refreshing native plugins compatible for Editor in 2.36 ms, found 3 plugins.
Preloading 0 native plugins for Editor in 0.00 ms.
Unloading 3098 Unused Serialized files (Serialized files now loaded: 0)
Unloading 32 unused Assets / (57.3 KB). Loaded Objects now: 3565.
Memory consumption went from 130.0 MB to 129.9 MB.
Total: 2.530200 ms (FindLiveObjects: 0.223000 ms CreateObjectMapping: 0.204400 ms MarkObjects: 2.012500 ms  DeleteObjects: 0.089400 ms)

AssetImportParameters requested are different than current active one (requested -> active):
  custom:container-demuxer-ogg: 62fdf1f143b41e24485cea50d1cbac27 -> 
  custom:video-decoder-ogg-theora: a1e56fd34408186e4bbccfd4996cb3dc -> 
  custom:framework-win-MediaFoundation: 216162199b28c13a410421893ffa2e32 -> 
  custom:CustomObjectIndexerAttribute: 6d391050e5a25f67b0a2c618074f2cd9 -> 
  custom:container-demuxer-webm: 4f35f7cbe854078d1ac9338744f61a02 -> 
  custom:container-muxer-webm: aa71ff27fc2769a1b78a27578f13a17b -> 
  custom:video-decoder-webm-vp8: 9c59270c3fd7afecdb556c50c9e8de78 -> 
  custom:SearchIndexIgnoredProperties: e643bd26f0fe6173181afceb89e7c659 -> 
  custom:AudioImporter_EditorPlatform: d09bf68614088b80899f8185d706f6e7 -> 
  custom:video-encoder-webm-vp8: eb34c28f22e8b96e1ab97ce403110664 -> 
  custom:audio-decoder-ogg-vorbis: bf7c407c2cedff20999df2af8eb42d56 -> 
  custom:audio-encoder-webm-vorbis: bf7c407c2cedff20999df2af8eb42d56 -> 
========================================================================
Received Import Request.
  Time since last request: 88577.759075 seconds.
  path: Assets/PolygonSciFiSpace/Models/Collision/Materials/lambert3.mat
  artifactKey: Guid(a6330ea5161fcb243a7ccc7328fcf853) Importer(815301076,1909f56bfc062723c751e8b465ee728b)
Start importing Assets/PolygonSciFiSpace/Models/Collision/Materials/lambert3.mat using Guid(a6330ea5161fcb243a7ccc7328fcf853) Importer(815301076,1909f56bfc062723c751e8b465ee728b)  -> (artifact id: '9e096233cc667926feefab9365e711f6') in 0.095550 seconds
Number of updated asset objects reloaded before import = 0
Number of asset objects unloaded after import = 1
========================================================================
Received Import Request.
  Time since last request: 1596.241157 seconds.
  path: Assets/PolygonSciFiSpace/Prefabs/Environment/SM_Env_Asteroid_02.prefab
  artifactKey: Guid(8f2dfc4f0e7adfe4780f9eb51caeef8b) Importer(815301076,1909f56bfc062723c751e8b465ee728b)
Start importing Assets/PolygonSciFiSpace/Prefabs/Environment/SM_Env_Asteroid_02.prefab using Guid(8f2dfc4f0e7adfe4780f9eb51caeef8b) Importer(815301076,1909f56bfc062723c751e8b465ee728b)  -> (artifact id: '85a0548dd637b0a1ce87c57055ada1de') in 0.025863 seconds
Number of updated asset objects reloaded before import = 0
Number of asset objects unloaded after import = 10
========================================================================
Received Import Request.
  Time since last request: 0.000016 seconds.
  path: Assets/PolygonSciFiSpace/Prefabs/Environment/SM_Env_Asteroid_05.prefab
  artifactKey: Guid(20bc67712a091434d92900911e095610) Importer(815301076,1909f56bfc062723c751e8b465ee728b)
Start importing Assets/PolygonSciFiSpace/Prefabs/Environment/SM_Env_Asteroid_05.prefab using Guid(20bc67712a091434d92900911e095610) Importer(815301076,1909f56bfc062723c751e8b465ee728b)  -> (artifact id: '4ccd3531b1ad60f75e07d90fac3a77f3') in 0.011371 seconds
Number of updated asset objects reloaded before import = 0
Number of asset objects unloaded after import = 10
========================================================================
Received Import Request.
  Time since last request: 0.003886 seconds.
  path: Assets/PolygonSciFiSpace/Prefabs/Environment/SM_Env_Asteroid_07.prefab
  artifactKey: Guid(6b15349ae7f0c4c41ad09993616a147e) Importer(815301076,1909f56bfc062723c751e8b465ee728b)
Start importing Assets/PolygonSciFiSpace/Prefabs/Environment/SM_Env_Asteroid_07.prefab using Guid(6b15349ae7f0c4c41ad09993616a147e) Importer(815301076,1909f56bfc062723c751e8b465ee728b)  -> (artifact id: 'ce8e1102226ed9e2dea3cb2bb0fd16df') in 0.075041 seconds
Number of updated asset objects reloaded before import = 0
Number of asset objects unloaded after import = 10
========================================================================
Received Import Request.
  Time since last request: 0.000015 seconds.
  path: Assets/PolygonSciFiSpace/Prefabs/Environment/SM_Env_Asteroid_Holes_01.prefab
  artifactKey: Guid(ea69caf230089fd45b16b373fef6d83f) Importer(815301076,1909f56bfc062723c751e8b465ee728b)
Start importing Assets/PolygonSciFiSpace/Prefabs/Environment/SM_Env_Asteroid_Holes_01.prefab using Guid(ea69caf230089fd45b16b373fef6d83f) Importer(815301076,1909f56bfc062723c751e8b465ee728b)  -> (artifact id: 'a88679a7bf9912e1b745c3d723f69ed3') in 0.040420 seconds
Number of updated asset objects reloaded before import = 0
Number of asset objects unloaded after import = 11
========================================================================
Received Import Request.
  Time since last request: 0.000018 seconds.
  path: Assets/PolygonSciFiSpace/Prefabs/Environment/SM_Env_Asteroid_Holes_03.prefab
  artifactKey: Guid(171e3465d94d3cf43963826ab7829553) Importer(815301076,1909f56bfc062723c751e8b465ee728b)
Start importing Assets/PolygonSciFiSpace/Prefabs/Environment/SM_Env_Asteroid_Holes_03.prefab using Guid(171e3465d94d3cf43963826ab7829553) Importer(815301076,1909f56bfc062723c751e8b465ee728b)  -> (artifact id: 'c0a22238a003527913ae80ddef4fd2ff') in 0.045040 seconds
Number of updated asset objects reloaded before import = 0
Number of asset objects unloaded after import = 11
========================================================================
Received Import Request.
  Time since last request: 0.000013 seconds.
  path: Assets/PolygonSciFiSpace/Prefabs/Environment/SM_Env_Asteroid_Field_02.prefab
  artifactKey: Guid(a99506bd196f7cf4b822df33789a4d5b) Importer(815301076,1909f56bfc062723c751e8b465ee728b)
Start importing Assets/PolygonSciFiSpace/Prefabs/Environment/SM_Env_Asteroid_Field_02.prefab using Guid(a99506bd196f7cf4b822df33789a4d5b) Importer(815301076,1909f56bfc062723c751e8b465ee728b)  -> (artifact id: 'fd7d3a5000943cae7c5d93ab4b90da0d') in 0.032940 seconds
Number of updated asset objects reloaded before import = 0
Number of asset objects unloaded after import = 11
========================================================================
Received Import Request.
  Time since last request: 0.000014 seconds.
  path: Assets/PolygonSciFiSpace/Prefabs/Environment/SM_Env_Asteroid_Large_02.prefab
  artifactKey: Guid(96b6762fce8f2f048aff578b7b0866e4) Importer(815301076,1909f56bfc062723c751e8b465ee728b)
Start importing Assets/PolygonSciFiSpace/Prefabs/Environment/SM_Env_Asteroid_Large_02.prefab using Guid(96b6762fce8f2f048aff578b7b0866e4) Importer(815301076,1909f56bfc062723c751e8b465ee728b)  -> (artifact id: '3f88e522d2479a5d97fc952f5ff744de') in 0.033491 seconds
Number of updated asset objects reloaded before import = 0
Number of asset objects unloaded after import = 11
========================================================================
Received Import Request.
  Time since last request: 0.000012 seconds.
  path: Assets/PolygonSciFiSpace/Prefabs/Environment/SM_Env_Asteroid_Large_01.prefab
  artifactKey: Guid(dcd709e04d3ab2341ab8df4db98c0892) Importer(815301076,1909f56bfc062723c751e8b465ee728b)
Start importing Assets/PolygonSciFiSpace/Prefabs/Environment/SM_Env_Asteroid_Large_01.prefab using Guid(dcd709e04d3ab2341ab8df4db98c0892) Importer(815301076,1909f56bfc062723c751e8b465ee728b)  -> (artifact id: 'b9b19e85ba83739141784cc6bb4e709b') in 0.035720 seconds
Number of updated asset objects reloaded before import = 0
Number of asset objects unloaded after import = 11
========================================================================
Received Import Request.
  Time since last request: 0.000013 seconds.
  path: Assets/PolygonSciFiSpace/Prefabs/Environment/SM_Env_Asteroid_Large_Holes_02.prefab
  artifactKey: Guid(893f294d0a2acc944b297985b573f5ba) Importer(815301076,1909f56bfc062723c751e8b465ee728b)
Start importing Assets/PolygonSciFiSpace/Prefabs/Environment/SM_Env_Asteroid_Large_Holes_02.prefab using Guid(893f294d0a2acc944b297985b573f5ba) Importer(815301076,1909f56bfc062723c751e8b465ee728b)  -> (artifact id: 'eab5eda117970df2407172d58be1d881') in 0.043741 seconds
Number of updated asset objects reloaded before import = 0
Number of asset objects unloaded after import = 11
========================================================================
Received Import Request.
  Time since last request: 0.000013 seconds.
  path: Assets/PolygonSciFiSpace/Prefabs/Environment/SM_Env_Asteroid_Rock_03.prefab
  artifactKey: Guid(d5a6d7c2811ecba41be9ea2f957da0d6) Importer(815301076,1909f56bfc062723c751e8b465ee728b)
Start importing Assets/PolygonSciFiSpace/Prefabs/Environment/SM_Env_Asteroid_Rock_03.prefab using Guid(d5a6d7c2811ecba41be9ea2f957da0d6) Importer(815301076,1909f56bfc062723c751e8b465ee728b)  -> (artifact id: '1da604e76dc77fd9960a2787126ff72b') in 0.046821 seconds
Number of updated asset objects reloaded before import = 0
Number of asset objects unloaded after import = 11
========================================================================
Received Import Request.
  Time since last request: 0.000014 seconds.
  path: Assets/PolygonSciFiSpace/Prefabs/Environment/SM_Env_Asteroid_Rock_05.prefab
  artifactKey: Guid(a38fcf519ec685b409c338ccd1b5ebf8) Importer(815301076,1909f56bfc062723c751e8b465ee728b)
Start importing Assets/PolygonSciFiSpace/Prefabs/Environment/SM_Env_Asteroid_Rock_05.prefab using Guid(a38fcf519ec685b409c338ccd1b5ebf8) Importer(815301076,1909f56bfc062723c751e8b465ee728b)  -> (artifact id: 'c644dde489878ba2813a6e6ea92fd845') in 0.033381 seconds
Number of updated asset objects reloaded before import = 0
Number of asset objects unloaded after import = 11
========================================================================
Received Import Request.
  Time since last request: 0.000019 seconds.
  path: Assets/PolygonSciFiSpace/Prefabs/Environment/SM_Env_Debris_Shell_01.prefab
  artifactKey: Guid(8c353a098e0d1224b877c52f4e519b54) Importer(815301076,1909f56bfc062723c751e8b465ee728b)
Start importing Assets/PolygonSciFiSpace/Prefabs/Environment/SM_Env_Debris_Shell_01.prefab using Guid(8c353a098e0d1224b877c52f4e519b54) Importer(815301076,1909f56bfc062723c751e8b465ee728b)  -> (artifact id: '798be24514b7dbf128790b2dfee5cccf') in 0.012708 seconds
Number of updated asset objects reloaded before import = 0
Number of asset objects unloaded after import = 12
========================================================================
Received Import Request.
  Time since last request: 0.000013 seconds.
  path: Assets/PolygonSciFiSpace/Prefabs/Environment/SM_Env_Debris_Shell_08.prefab
  artifactKey: Guid(3b7a720eafe7ab247a08d41e9d0913ed) Importer(815301076,1909f56bfc062723c751e8b465ee728b)
Start importing Assets/PolygonSciFiSpace/Prefabs/Environment/SM_Env_Debris_Shell_08.prefab using Guid(3b7a720eafe7ab247a08d41e9d0913ed) Importer(815301076,1909f56bfc062723c751e8b465ee728b)  -> (artifact id: '087f46e2e1d3a54d42d11905c92e7792') in 0.011432 seconds
Number of updated asset objects reloaded before import = 0
Number of asset objects unloaded after import = 12
========================================================================
Received Import Request.
  Time since last request: 0.000016 seconds.
  path: Assets/PolygonSciFiSpace/Prefabs/Environment/SM_Env_Debris_Shell_06.prefab
  artifactKey: Guid(f72f6408e96652144941f2a39e441e7e) Importer(815301076,1909f56bfc062723c751e8b465ee728b)
Start importing Assets/PolygonSciFiSpace/Prefabs/Environment/SM_Env_Debris_Shell_06.prefab using Guid(f72f6408e96652144941f2a39e441e7e) Importer(815301076,1909f56bfc062723c751e8b465ee728b)  -> (artifact id: '3bcc51d6881cc43d532c67dded63447b') in 0.013256 seconds
Number of updated asset objects reloaded before import = 0
Number of asset objects unloaded after import = 12
========================================================================
Received Import Request.
  Time since last request: 0.000013 seconds.
  path: Assets/PolygonSciFiSpace/Prefabs/Environment/SM_Env_Debris_Shell_05.prefab
  artifactKey: Guid(b84838d11c661b74cab019a288b57103) Importer(815301076,1909f56bfc062723c751e8b465ee728b)
Start importing Assets/PolygonSciFiSpace/Prefabs/Environment/SM_Env_Debris_Shell_05.prefab using Guid(b84838d11c661b74cab019a288b57103) Importer(815301076,1909f56bfc062723c751e8b465ee728b)  -> (artifact id: 'ac50ab03ce9bb8b69cc24bd7be3622d2') in 0.033413 seconds
Number of updated asset objects reloaded before import = 0
Number of asset objects unloaded after import = 12
========================================================================
Received Import Request.
  Time since last request: 0.000014 seconds.
  path: Assets/PolygonSciFiSpace/Prefabs/Environment/SM_Env_Planet_03.prefab
  artifactKey: Guid(85aa1a5065e52b54099f3ebde7ea64d5) Importer(815301076,1909f56bfc062723c751e8b465ee728b)
Start importing Assets/PolygonSciFiSpace/Prefabs/Environment/SM_Env_Planet_03.prefab using Guid(85aa1a5065e52b54099f3ebde7ea64d5) Importer(815301076,1909f56bfc062723c751e8b465ee728b)  -> (artifact id: 'f96f67c4d3f326648625a355efdc9c7f') in 0.048073 seconds
Number of updated asset objects reloaded before import = 0
Number of asset objects unloaded after import = 10
========================================================================
Received Import Request.
  Time since last request: 0.000013 seconds.
  path: Assets/PolygonSciFiSpace/Prefabs/Environment/SM_Env_Planet_05.prefab
  artifactKey: Guid(e5b0895945f05af4eb6a53e6780be89e) Importer(815301076,1909f56bfc062723c751e8b465ee728b)
Start importing Assets/PolygonSciFiSpace/Prefabs/Environment/SM_Env_Planet_05.prefab using Guid(e5b0895945f05af4eb6a53e6780be89e) Importer(815301076,1909f56bfc062723c751e8b465ee728b)  -> (artifact id: 'fc0bd8da2ed23891fc63a87ec992c723') in 0.070698 seconds
Number of updated asset objects reloaded before import = 0
Number of asset objects unloaded after import = 10
========================================================================
Received Import Request.
  Time since last request: 0.000019 seconds.
  path: Assets/PolygonSciFiSpace/Prefabs/Environment/SM_Env_Debris_Shell_07.prefab
  artifactKey: Guid(d82175a569c86a94f80f974bde394a58) Importer(815301076,1909f56bfc062723c751e8b465ee728b)
Start importing Assets/PolygonSciFiSpace/Prefabs/Environment/SM_Env_Debris_Shell_07.prefab using Guid(d82175a569c86a94f80f974bde394a58) Importer(815301076,1909f56bfc062723c751e8b465ee728b)  -> (artifact id: '57d439b3126ccbe54a70d47ddc40f2e0') in 0.076551 seconds
Number of updated asset objects reloaded before import = 0
Number of asset objects unloaded after import = 12
========================================================================
Received Import Request.
  Time since last request: 0.000014 seconds.
  path: Assets/PolygonSciFiSpace/Prefabs/Environment/SM_Env_Debris_Shell_04.prefab
  artifactKey: Guid(b7f06c4ac52aa9442b96c3dcdb664ef5) Importer(815301076,1909f56bfc062723c751e8b465ee728b)
Start importing Assets/PolygonSciFiSpace/Prefabs/Environment/SM_Env_Debris_Shell_04.prefab using Guid(b7f06c4ac52aa9442b96c3dcdb664ef5) Importer(815301076,1909f56bfc062723c751e8b465ee728b)  -> (artifact id: '4b70b85faedcca55a8a6567c76d223c4') in 0.041563 seconds
Number of updated asset objects reloaded before import = 0
Number of asset objects unloaded after import = 12
========================================================================
Received Import Request.
  Time since last request: 0.000018 seconds.
  path: Assets/PolygonSciFiSpace/Prefabs/Environment/SM_Env_Debris_Pipe_01.prefab
  artifactKey: Guid(91f739cfcee797a4cbaabbb8316c23f9) Importer(815301076,1909f56bfc062723c751e8b465ee728b)
Start importing Assets/PolygonSciFiSpace/Prefabs/Environment/SM_Env_Debris_Pipe_01.prefab using Guid(91f739cfcee797a4cbaabbb8316c23f9) Importer(815301076,1909f56bfc062723c751e8b465ee728b)  -> (artifact id: 'c76d2c18fcebf6747c10364e3dc21763') in 0.077843 seconds
Number of updated asset objects reloaded before import = 0
Number of asset objects unloaded after import = 12
========================================================================
Received Import Request.
  Time since last request: 0.000019 seconds.
  path: Assets/PolygonSciFiSpace/Prefabs/Environment/SM_Env_Asteroid_Field_01.prefab
  artifactKey: Guid(84c87c5cabcd16746934df7fda1708c2) Importer(815301076,1909f56bfc062723c751e8b465ee728b)
Start importing Assets/PolygonSciFiSpace/Prefabs/Environment/SM_Env_Asteroid_Field_01.prefab using Guid(84c87c5cabcd16746934df7fda1708c2) Importer(815301076,1909f56bfc062723c751e8b465ee728b)  -> (artifact id: 'a25d826d23e18a42d582fdb2bb5cbfa7') in 0.014727 seconds
Number of updated asset objects reloaded before import = 0
Number of asset objects unloaded after import = 11
========================================================================
Received Import Request.
  Time since last request: 0.000014 seconds.
  path: Assets/PolygonSciFiSpace/Prefabs/Environment/SM_Env_Planet_08.prefab
  artifactKey: Guid(15a9572a8eb579041a9dbe9f15f6d02e) Importer(815301076,1909f56bfc062723c751e8b465ee728b)
Start importing Assets/PolygonSciFiSpace/Prefabs/Environment/SM_Env_Planet_08.prefab using Guid(15a9572a8eb579041a9dbe9f15f6d02e) Importer(815301076,1909f56bfc062723c751e8b465ee728b)  -> (artifact id: 'bdd1dc238ab4921d97213ac1beb57607') in 0.011142 seconds
Number of updated asset objects reloaded before import = 0
Number of asset objects unloaded after import = 10
========================================================================
Received Import Request.
  Time since last request: 0.000018 seconds.
  path: Assets/PolygonSciFiSpace/Prefabs/Environment/SM_Env_Debris_Shell_03.prefab
  artifactKey: Guid(838127bc699769f468c9980c3e69a2fb) Importer(815301076,1909f56bfc062723c751e8b465ee728b)
Start importing Assets/PolygonSciFiSpace/Prefabs/Environment/SM_Env_Debris_Shell_03.prefab using Guid(838127bc699769f468c9980c3e69a2fb) Importer(815301076,1909f56bfc062723c751e8b465ee728b)  -> (artifact id: '998c53eb1324d27946f1d05b7943c552') in 0.013527 seconds
Number of updated asset objects reloaded before import = 0
Number of asset objects unloaded after import = 12
========================================================================
Received Import Request.
  Time since last request: 0.773449 seconds.
  path: Assets/PolygonSciFiSpace/Prefabs/Environment/SM_Env_Planet_011.prefab
  artifactKey: Guid(0b15e029373632949ae6a5f6f56623e4) Importer(815301076,1909f56bfc062723c751e8b465ee728b)
Start importing Assets/PolygonSciFiSpace/Prefabs/Environment/SM_Env_Planet_011.prefab using Guid(0b15e029373632949ae6a5f6f56623e4) Importer(815301076,1909f56bfc062723c751e8b465ee728b)  -> (artifact id: '30ff65558a91c9156a037b99a9766a22') in 0.008956 seconds
Number of updated asset objects reloaded before import = 0
Number of asset objects unloaded after import = 10
========================================================================
Received Import Request.
  Time since last request: 0.003272 seconds.
  path: Assets/PolygonSciFiSpace/Prefabs/Environment/SM_Env_Planet_13.prefab
  artifactKey: Guid(c906f458df0dfe54096955f6c9df4f82) Importer(815301076,1909f56bfc062723c751e8b465ee728b)
Start importing Assets/PolygonSciFiSpace/Prefabs/Environment/SM_Env_Planet_13.prefab using Guid(c906f458df0dfe54096955f6c9df4f82) Importer(815301076,1909f56bfc062723c751e8b465ee728b)  -> (artifact id: 'c50987779f0dfa1d41e891c01bd148b8') in 0.008653 seconds
Number of updated asset objects reloaded before import = 0
Number of asset objects unloaded after import = 10
========================================================================
Received Import Request.
  Time since last request: 0.018888 seconds.
  path: Assets/PolygonSciFiSpace/Prefabs/Environment/SM_Env_PlanetRings_01.prefab
  artifactKey: Guid(4f18bd9d42d26074fac7a87dbe5da29c) Importer(815301076,1909f56bfc062723c751e8b465ee728b)
Start importing Assets/PolygonSciFiSpace/Prefabs/Environment/SM_Env_PlanetRings_01.prefab using Guid(4f18bd9d42d26074fac7a87dbe5da29c) Importer(815301076,1909f56bfc062723c751e8b465ee728b)  -> (artifact id: '966551c854577adaa73aa3a49f05ab43') in 0.012523 seconds
Number of updated asset objects reloaded before import = 0
Number of asset objects unloaded after import = 9
========================================================================
Received Import Request.
  Time since last request: 0.010981 seconds.
  path: Assets/PolygonSciFiSpace/Prefabs/Environment/SM_Env_Rubble_Pebbles_01.prefab
  artifactKey: Guid(e30845de42f85204da45b4a479bf42df) Importer(815301076,1909f56bfc062723c751e8b465ee728b)
Start importing Assets/PolygonSciFiSpace/Prefabs/Environment/SM_Env_Rubble_Pebbles_01.prefab using Guid(e30845de42f85204da45b4a479bf42df) Importer(815301076,1909f56bfc062723c751e8b465ee728b)  -> (artifact id: '2f4866cc61923f0c7e6aa302462c296c') in 0.030449 seconds
Number of updated asset objects reloaded before import = 0
Number of asset objects unloaded after import = 10
========================================================================
Received Import Request.
  Time since last request: 0.000756 seconds.
  path: Assets/PolygonSciFiSpace/Prefabs/Environment/SM_Env_Rubble_Pile_01.prefab
  artifactKey: Guid(6236ec84190c0814ab0ac43a78f9e145) Importer(815301076,1909f56bfc062723c751e8b465ee728b)
Start importing Assets/PolygonSciFiSpace/Prefabs/Environment/SM_Env_Rubble_Pile_01.prefab using Guid(6236ec84190c0814ab0ac43a78f9e145) Importer(815301076,1909f56bfc062723c751e8b465ee728b)  -> (artifact id: '81e3d65a30ecad93ecf013cae5a17d58') in 0.031283 seconds
Number of updated asset objects reloaded before import = 0
Number of asset objects unloaded after import = 10
========================================================================
Received Import Request.
  Time since last request: 4.992652 seconds.
  path: Assets/PolygonSciFiSpace/Prefabs/Props/SM_Prop_Antenna_01.prefab
  artifactKey: Guid(b9fcfa0aefec1314da80716a42c55c1f) Importer(815301076,1909f56bfc062723c751e8b465ee728b)
Start importing Assets/PolygonSciFiSpace/Prefabs/Props/SM_Prop_Antenna_01.prefab using Guid(b9fcfa0aefec1314da80716a42c55c1f) Importer(815301076,1909f56bfc062723c751e8b465ee728b)  -> (artifact id: '20b81e0f4973572e3ac5da569fc67703') in 0.075734 seconds
Number of updated asset objects reloaded before import = 0
Number of asset objects unloaded after import = 12
========================================================================
Received Import Request.
  Time since last request: 0.000017 seconds.
  path: Assets/PolygonSciFiSpace/Prefabs/Props/SM_Prop_Battery_01.prefab
  artifactKey: Guid(24e3c7bea17c1724d93d50427efe1c08) Importer(815301076,1909f56bfc062723c751e8b465ee728b)
Start importing Assets/PolygonSciFiSpace/Prefabs/Props/SM_Prop_Battery_01.prefab using Guid(24e3c7bea17c1724d93d50427efe1c08) Importer(815301076,1909f56bfc062723c751e8b465ee728b)  -> (artifact id: '494afd6d4a22ceb02bbe28c3b4a5f707') in 0.027390 seconds
Number of updated asset objects reloaded before import = 0
Number of asset objects unloaded after import = 12
========================================================================
Received Import Request.
  Time since last request: 0.000022 seconds.
  path: Assets/PolygonSciFiSpace/Prefabs/Props/SM_Prop_Bed_03.prefab
  artifactKey: Guid(9a93e7a4a97a1454bb0af3adb80099f1) Importer(815301076,1909f56bfc062723c751e8b465ee728b)
Start importing Assets/PolygonSciFiSpace/Prefabs/Props/SM_Prop_Bed_03.prefab using Guid(9a93e7a4a97a1454bb0af3adb80099f1) Importer(815301076,1909f56bfc062723c751e8b465ee728b)  -> (artifact id: 'fd8c03845ff1019ce9598d81492d16d8') in 0.156361 seconds
Number of updated asset objects reloaded before import = 0
Number of asset objects unloaded after import = 12
========================================================================
Received Import Request.
  Time since last request: 0.025620 seconds.
  path: Assets/PolygonSciFiSpace/Prefabs/Props/SM_Prop_Buttons_06.prefab
  artifactKey: Guid(e6699b1a02c22234aa65b17ee787fea4) Importer(815301076,1909f56bfc062723c751e8b465ee728b)
Start importing Assets/PolygonSciFiSpace/Prefabs/Props/SM_Prop_Buttons_06.prefab using Guid(e6699b1a02c22234aa65b17ee787fea4) Importer(815301076,1909f56bfc062723c751e8b465ee728b)  -> (artifact id: 'bab0c70286fb08d1a073911497c20ca1') in 0.025203 seconds
Number of updated asset objects reloaded before import = 0
Number of asset objects unloaded after import = 12
========================================================================
Received Import Request.
  Time since last request: 0.000016 seconds.
  path: Assets/PolygonSciFiSpace/Prefabs/Props/SM_Prop_Buttons_09.prefab
  artifactKey: Guid(1f2f7650864c8e34d88b45cc6ebd6d6e) Importer(815301076,1909f56bfc062723c751e8b465ee728b)
Start importing Assets/PolygonSciFiSpace/Prefabs/Props/SM_Prop_Buttons_09.prefab using Guid(1f2f7650864c8e34d88b45cc6ebd6d6e) Importer(815301076,1909f56bfc062723c751e8b465ee728b)  -> (artifact id: '7cfecd99e9035bbf18eda072b66db1a5') in 0.012453 seconds
Number of updated asset objects reloaded before import = 0
Number of asset objects unloaded after import = 12
========================================================================
Received Import Request.
  Time since last request: 0.035911 seconds.
  path: Assets/PolygonSciFiSpace/Prefabs/Props/SM_Prop_Buttons_12.prefab
  artifactKey: Guid(4b76395a38d8a3b4fa6c8ef7ea83846d) Importer(815301076,1909f56bfc062723c751e8b465ee728b)
Start importing Assets/PolygonSciFiSpace/Prefabs/Props/SM_Prop_Buttons_12.prefab using Guid(4b76395a38d8a3b4fa6c8ef7ea83846d) Importer(815301076,1909f56bfc062723c751e8b465ee728b)  -> (artifact id: '46a835b722dd7d3899bc5fd93315648d') in 0.065513 seconds
Number of updated asset objects reloaded before import = 0
Number of asset objects unloaded after import = 12
========================================================================
Received Import Request.
  Time since last request: 0.000013 seconds.
  path: Assets/PolygonSciFiSpace/Prefabs/Props/SM_Prop_Cart_Filled_01.prefab
  artifactKey: Guid(0064841a1e2884b40804207eacfcf1ae) Importer(815301076,1909f56bfc062723c751e8b465ee728b)
Start importing Assets/PolygonSciFiSpace/Prefabs/Props/SM_Prop_Cart_Filled_01.prefab using Guid(0064841a1e2884b40804207eacfcf1ae) Importer(815301076,1909f56bfc062723c751e8b465ee728b)  -> (artifact id: 'cf7ade4412f938ba74d16c43df93001d') in 0.014074 seconds
Number of updated asset objects reloaded before import = 0
Number of asset objects unloaded after import = 12
========================================================================
Received Import Request.
  Time since last request: 0.000014 seconds.
  path: Assets/PolygonSciFiSpace/Prefabs/Props/SM_Prop_Chr_Male_Cryo_02.prefab
  artifactKey: Guid(2ccb8cc402d22e240b6824a5535be6a9) Importer(815301076,1909f56bfc062723c751e8b465ee728b)
Start importing Assets/PolygonSciFiSpace/Prefabs/Props/SM_Prop_Chr_Male_Cryo_02.prefab using Guid(2ccb8cc402d22e240b6824a5535be6a9) Importer(815301076,1909f56bfc062723c751e8b465ee728b)  -> (artifact id: 'ef072d333390e1467da29a2b30fc5f8e') in 0.015591 seconds
Number of updated asset objects reloaded before import = 0
Number of asset objects unloaded after import = 12
========================================================================
Received Import Request.
  Time since last request: 0.000012 seconds.
  path: Assets/PolygonSciFiSpace/Prefabs/Props/SM_Prop_ControlPanel_03.prefab
  artifactKey: Guid(de67e87744b7438449e6e80ed6978e1b) Importer(815301076,1909f56bfc062723c751e8b465ee728b)
Start importing Assets/PolygonSciFiSpace/Prefabs/Props/SM_Prop_ControlPanel_03.prefab using Guid(de67e87744b7438449e6e80ed6978e1b) Importer(815301076,1909f56bfc062723c751e8b465ee728b)  -> (artifact id: '3e7670420d9253b1df211fc092c364c5') in 0.058800 seconds
Number of updated asset objects reloaded before import = 0
Number of asset objects unloaded after import = 12
========================================================================
Received Import Request.
  Time since last request: 0.000014 seconds.
  path: Assets/PolygonSciFiSpace/Prefabs/Props/SM_Prop_Crate_health_02.prefab
  artifactKey: Guid(dbdfb41b17738074ca0cccc9389a8206) Importer(815301076,1909f56bfc062723c751e8b465ee728b)
Start importing Assets/PolygonSciFiSpace/Prefabs/Props/SM_Prop_Crate_health_02.prefab using Guid(dbdfb41b17738074ca0cccc9389a8206) Importer(815301076,1909f56bfc062723c751e8b465ee728b)  -> (artifact id: '104ad3ecb548df456e8e897b22dfb05a') in 0.087965 seconds
Number of updated asset objects reloaded before import = 0
Number of asset objects unloaded after import = 12
========================================================================
Received Import Request.
  Time since last request: 0.000015 seconds.
  path: Assets/PolygonSciFiSpace/Prefabs/Props/SM_Prop_ControlPanel_04.prefab
  artifactKey: Guid(3987659517e726243a836635155b9441) Importer(815301076,1909f56bfc062723c751e8b465ee728b)
Start importing Assets/PolygonSciFiSpace/Prefabs/Props/SM_Prop_ControlPanel_04.prefab using Guid(3987659517e726243a836635155b9441) Importer(815301076,1909f56bfc062723c751e8b465ee728b)  -> (artifact id: '2050878ac2222669c1bdd6001d671614') in 0.055214 seconds
Number of updated asset objects reloaded before import = 0
Number of asset objects unloaded after import = 13
========================================================================
Received Import Request.
  Time since last request: 0.936288 seconds.
  path: Assets/PolygonSciFiSpace/Prefabs/Props/SM_Prop_CryoBed_01.prefab
  artifactKey: Guid(61f6772736cda0c4c8396454a192fafb) Importer(815301076,1909f56bfc062723c751e8b465ee728b)
Start importing Assets/PolygonSciFiSpace/Prefabs/Props/SM_Prop_CryoBed_01.prefab using Guid(61f6772736cda0c4c8396454a192fafb) Importer(815301076,1909f56bfc062723c751e8b465ee728b)  -> (artifact id: '0fa629a34ec97aa3ce570e8208d5431f') in 0.018949 seconds
Number of updated asset objects reloaded before import = 0
Number of asset objects unloaded after import = 23
========================================================================
Received Import Request.
  Time since last request: 0.000016 seconds.
  path: Assets/PolygonSciFiSpace/Prefabs/Props/SM_Prop_Detail_Box_05.prefab
  artifactKey: Guid(dc0d70452a3c7334ca5526b11226c151) Importer(815301076,1909f56bfc062723c751e8b465ee728b)
Start importing Assets/PolygonSciFiSpace/Prefabs/Props/SM_Prop_Detail_Box_05.prefab using Guid(dc0d70452a3c7334ca5526b11226c151) Importer(815301076,1909f56bfc062723c751e8b465ee728b)  -> (artifact id: 'ae8db618df80addfcf4ca0927726adad') in 0.042125 seconds
Number of updated asset objects reloaded before import = 0
Number of asset objects unloaded after import = 12
========================================================================
Received Import Request.
  Time since last request: 0.755659 seconds.
  path: Assets/PolygonSciFiSpace/Prefabs/Props/SM_Prop_Detail_CeilingBox_03.prefab
  artifactKey: Guid(0400b3dd557fb52498117f621fce5e89) Importer(815301076,1909f56bfc062723c751e8b465ee728b)
Start importing Assets/PolygonSciFiSpace/Prefabs/Props/SM_Prop_Detail_CeilingBox_03.prefab using Guid(0400b3dd557fb52498117f621fce5e89) Importer(815301076,1909f56bfc062723c751e8b465ee728b)  -> (artifact id: '81edfa062dd8ce39e9c2e858db751bc0') in 0.029588 seconds
Number of updated asset objects reloaded before import = 0
Number of asset objects unloaded after import = 12
========================================================================
Received Import Request.
  Time since last request: 0.006170 seconds.
  path: Assets/PolygonSciFiSpace/Prefabs/Props/SM_Prop_Detail_Lights_02.prefab
  artifactKey: Guid(3f1dd192fa41f304098f2361bf8daea8) Importer(815301076,1909f56bfc062723c751e8b465ee728b)
Start importing Assets/PolygonSciFiSpace/Prefabs/Props/SM_Prop_Detail_Lights_02.prefab using Guid(3f1dd192fa41f304098f2361bf8daea8) Importer(815301076,1909f56bfc062723c751e8b465ee728b)  -> (artifact id: '02a919d7bd44638581a8a87cf781a8fa') in 0.012862 seconds
Number of updated asset objects reloaded before import = 0
Number of asset objects unloaded after import = 12
========================================================================
Received Import Request.
  Time since last request: 0.013401 seconds.
  path: Assets/PolygonSciFiSpace/Prefabs/Props/SM_Prop_Detail_Lights_03.prefab
  artifactKey: Guid(0a5a1669b5861ba4bb3c686b8e49fba1) Importer(815301076,1909f56bfc062723c751e8b465ee728b)
Start importing Assets/PolygonSciFiSpace/Prefabs/Props/SM_Prop_Detail_Lights_03.prefab using Guid(0a5a1669b5861ba4bb3c686b8e49fba1) Importer(815301076,1909f56bfc062723c751e8b465ee728b)  -> (artifact id: 'dc4375b953cef1b5bd5b2533a06b12fd') in 0.040323 seconds
Number of updated asset objects reloaded before import = 0
Number of asset objects unloaded after import = 12
========================================================================
Received Import Request.
  Time since last request: 0.007015 seconds.
  path: Assets/PolygonSciFiSpace/Prefabs/Props/SM_Prop_Detail_Pipe_02.prefab
  artifactKey: Guid(2000930465090c0429093c4a8d87c39a) Importer(815301076,1909f56bfc062723c751e8b465ee728b)
Start importing Assets/PolygonSciFiSpace/Prefabs/Props/SM_Prop_Detail_Pipe_02.prefab using Guid(2000930465090c0429093c4a8d87c39a) Importer(815301076,1909f56bfc062723c751e8b465ee728b)  -> (artifact id: 'c1be78649a918fbfc50f7547a0aa57c4') in 0.016239 seconds
Number of updated asset objects reloaded before import = 0
Number of asset objects unloaded after import = 12
========================================================================
Received Import Request.
  Time since last request: 0.051590 seconds.
  path: Assets/PolygonSciFiSpace/Prefabs/Props/SM_Prop_Detail_Pipe_Corner_01.prefab
  artifactKey: Guid(315faea84706f7946854c979233d54c5) Importer(815301076,1909f56bfc062723c751e8b465ee728b)
Start importing Assets/PolygonSciFiSpace/Prefabs/Props/SM_Prop_Detail_Pipe_Corner_01.prefab using Guid(315faea84706f7946854c979233d54c5) Importer(815301076,1909f56bfc062723c751e8b465ee728b)  -> (artifact id: 'd4c58def2b7e56413d2e5555ac8971f0') in 0.033205 seconds
Number of updated asset objects reloaded before import = 0
Number of asset objects unloaded after import = 12
========================================================================
Received Import Request.
  Time since last request: 0.000015 seconds.
  path: Assets/PolygonSciFiSpace/Prefabs/Props/SM_Prop_Detail_Struts_02.prefab
  artifactKey: Guid(9e4605946538e8340a4bba38917faa3c) Importer(815301076,1909f56bfc062723c751e8b465ee728b)
Start importing Assets/PolygonSciFiSpace/Prefabs/Props/SM_Prop_Detail_Struts_02.prefab using Guid(9e4605946538e8340a4bba38917faa3c) Importer(815301076,1909f56bfc062723c751e8b465ee728b)  -> (artifact id: '58962137840ceef0931f6c818c648f86') in 0.011342 seconds
Number of updated asset objects reloaded before import = 0
Number of asset objects unloaded after import = 12
========================================================================
Received Import Request.
  Time since last request: 0.010065 seconds.
  path: Assets/PolygonSciFiSpace/Prefabs/Props/SM_Prop_Detail_SynCola_02.prefab
  artifactKey: Guid(98b60c67fb78f4e4f9347800ac98fc31) Importer(815301076,1909f56bfc062723c751e8b465ee728b)
Start importing Assets/PolygonSciFiSpace/Prefabs/Props/SM_Prop_Detail_SynCola_02.prefab using Guid(98b60c67fb78f4e4f9347800ac98fc31) Importer(815301076,1909f56bfc062723c751e8b465ee728b)  -> (artifact id: 'c119650d17522014c990eb786cd13e04') in 0.016241 seconds
Number of updated asset objects reloaded before import = 0
Number of asset objects unloaded after import = 12
========================================================================
Received Import Request.
  Time since last request: 0.000019 seconds.
  path: Assets/PolygonSciFiSpace/Prefabs/Props/SM_Prop_Detail_Tank_02.prefab
  artifactKey: Guid(8e63f21a4f81e7a4392e7f7d2dd3ae5d) Importer(815301076,1909f56bfc062723c751e8b465ee728b)
Start importing Assets/PolygonSciFiSpace/Prefabs/Props/SM_Prop_Detail_Tank_02.prefab using Guid(8e63f21a4f81e7a4392e7f7d2dd3ae5d) Importer(815301076,1909f56bfc062723c751e8b465ee728b)  -> (artifact id: '486affd97f555e3c029de2c35ae719b9') in 0.010957 seconds
Number of updated asset objects reloaded before import = 0
Number of asset objects unloaded after import = 12
========================================================================
Received Import Request.
  Time since last request: 0.037912 seconds.
  path: Assets/PolygonSciFiSpace/Prefabs/Props/SM_Prop_Detail_Wire_03.prefab
  artifactKey: Guid(d738689cf0ccda14f9fd3d96c43f3653) Importer(815301076,1909f56bfc062723c751e8b465ee728b)
Start importing Assets/PolygonSciFiSpace/Prefabs/Props/SM_Prop_Detail_Wire_03.prefab using Guid(d738689cf0ccda14f9fd3d96c43f3653) Importer(815301076,1909f56bfc062723c751e8b465ee728b)  -> (artifact id: '6732821fb40e3756109aef68b298ddc4') in 0.036552 seconds
Number of updated asset objects reloaded before import = 0
Number of asset objects unloaded after import = 12
========================================================================
Received Import Request.
  Time since last request: 0.016611 seconds.
  path: Assets/PolygonSciFiSpace/Prefabs/Props/SM_Prop_EnergyPort_01.prefab
  artifactKey: Guid(8b71e1b6bcf0cf2468170462ea8b37b2) Importer(815301076,1909f56bfc062723c751e8b465ee728b)
Start importing Assets/PolygonSciFiSpace/Prefabs/Props/SM_Prop_EnergyPort_01.prefab using Guid(8b71e1b6bcf0cf2468170462ea8b37b2) Importer(815301076,1909f56bfc062723c751e8b465ee728b)  -> (artifact id: '779500eb3b7573a86f71119729e925b7') in 0.012017 seconds
Number of updated asset objects reloaded before import = 0
Number of asset objects unloaded after import = 12
========================================================================
Received Import Request.
  Time since last request: 0.000253 seconds.
  path: Assets/PolygonSciFiSpace/Prefabs/Props/SM_Prop_EscapePod_Hatch_Large_01.prefab
  artifactKey: Guid(8397dae45c7bac341a68d7db762c428c) Importer(815301076,1909f56bfc062723c751e8b465ee728b)
Start importing Assets/PolygonSciFiSpace/Prefabs/Props/SM_Prop_EscapePod_Hatch_Large_01.prefab using Guid(8397dae45c7bac341a68d7db762c428c) Importer(815301076,1909f56bfc062723c751e8b465ee728b)  -> (artifact id: 'd3a729a03a4259c305553e052ce502bb') in 0.044421 seconds
Number of updated asset objects reloaded before import = 0
Number of asset objects unloaded after import = 22
========================================================================
Received Import Request.
  Time since last request: 0.000013 seconds.
  path: Assets/PolygonSciFiSpace/Prefabs/Props/SM_Prop_FoodTray_03.prefab
  artifactKey: Guid(5c70f756d815e8b44805bfbaff4a8213) Importer(815301076,1909f56bfc062723c751e8b465ee728b)
Start importing Assets/PolygonSciFiSpace/Prefabs/Props/SM_Prop_FoodTray_03.prefab using Guid(5c70f756d815e8b44805bfbaff4a8213) Importer(815301076,1909f56bfc062723c751e8b465ee728b)  -> (artifact id: 'bc759b1f59d5541dfa6e84806d9459b5') in 0.011642 seconds
Number of updated asset objects reloaded before import = 0
Number of asset objects unloaded after import = 12
========================================================================
Received Import Request.
  Time since last request: 0.000015 seconds.
  path: Assets/PolygonSciFiSpace/Prefabs/Props/SM_Prop_FoodPacket_04.prefab
  artifactKey: Guid(bafed697fa0e8964d86d0bc0f22ccf16) Importer(815301076,1909f56bfc062723c751e8b465ee728b)
Start importing Assets/PolygonSciFiSpace/Prefabs/Props/SM_Prop_FoodPacket_04.prefab using Guid(bafed697fa0e8964d86d0bc0f22ccf16) Importer(815301076,1909f56bfc062723c751e8b465ee728b)  -> (artifact id: 'd210bf239be1c3decf9d01b343d683a1') in 0.010289 seconds
Number of updated asset objects reloaded before import = 0
Number of asset objects unloaded after import = 12
========================================================================
Received Import Request.
  Time since last request: 0.000011 seconds.
  path: Assets/PolygonSciFiSpace/Prefabs/Props/SM_Prop_Greeble_Panel_02.prefab
  artifactKey: Guid(978e2ff4a63aae4439b5e73ffcb833b7) Importer(815301076,1909f56bfc062723c751e8b465ee728b)
Start importing Assets/PolygonSciFiSpace/Prefabs/Props/SM_Prop_Greeble_Panel_02.prefab using Guid(978e2ff4a63aae4439b5e73ffcb833b7) Importer(815301076,1909f56bfc062723c751e8b465ee728b)  -> (artifact id: '77363d433bb5a0c90ab4d78bdc19b8f2') in 0.019809 seconds
Number of updated asset objects reloaded before import = 0
Number of asset objects unloaded after import = 12
========================================================================
Received Import Request.
  Time since last request: 0.000019 seconds.
  path: Assets/PolygonSciFiSpace/Prefabs/Props/SM_Prop_Greeble_Panel_04.prefab
  artifactKey: Guid(c6d6462c46f84e043aa6557d3406ef98) Importer(815301076,1909f56bfc062723c751e8b465ee728b)
Start importing Assets/PolygonSciFiSpace/Prefabs/Props/SM_Prop_Greeble_Panel_04.prefab using Guid(c6d6462c46f84e043aa6557d3406ef98) Importer(815301076,1909f56bfc062723c751e8b465ee728b)  -> (artifact id: 'ecce4f648f5af60b279c4349ce395b57') in 0.024371 seconds
Number of updated asset objects reloaded before import = 0
Number of asset objects unloaded after import = 12
========================================================================
Received Import Request.
  Time since last request: 0.031690 seconds.
  path: Assets/PolygonSciFiSpace/Prefabs/Props/SM_Prop_Greeble_Panel_07.prefab
  artifactKey: Guid(02873d849a9deed45accc0d0dee3aa9e) Importer(815301076,1909f56bfc062723c751e8b465ee728b)
Start importing Assets/PolygonSciFiSpace/Prefabs/Props/SM_Prop_Greeble_Panel_07.prefab using Guid(02873d849a9deed45accc0d0dee3aa9e) Importer(815301076,1909f56bfc062723c751e8b465ee728b)  -> (artifact id: '3dfeb977958761076c6979d5d14cbac9') in 0.054815 seconds
Number of updated asset objects reloaded before import = 0
Number of asset objects unloaded after import = 12
========================================================================
Received Import Request.
  Time since last request: 3.213871 seconds.
  path: Assets/PolygonSciFiSpace/Prefabs/Weapons/SM_Wep_Shield_Extended_01.prefab
  artifactKey: Guid(2c474af60eb7a5b46919fe4d4d1797ee) Importer(815301076,1909f56bfc062723c751e8b465ee728b)
Start importing Assets/PolygonSciFiSpace/Prefabs/Weapons/SM_Wep_Shield_Extended_01.prefab using Guid(2c474af60eb7a5b46919fe4d4d1797ee) Importer(815301076,1909f56bfc062723c751e8b465ee728b)  -> (artifact id: '60cd16c95730f8d1f4b4e75407070072') in 0.037688 seconds
Number of updated asset objects reloaded before import = 0
Number of asset objects unloaded after import = 18
Editor requested this worker to shutdown with reason: Scaling down because of idle timeout
TcpMessagingSession - receive error: operation aborted. errorcode: 995, details: The I/O operation has been aborted because of either a thread exit or an application request.
AssetImportWorker is now disconnected from the server
Process exiting
Exiting without the bug reporter. Application will terminate with return code 0