Using pre-set license
Built from '2022.3/release' branch; Version is '2022.3.20f1 (61c2feb0970d) revision 6406910'; Using compiler version '192829333'; Build Type 'Release'
OS: 'Windows 10  (10.0.19045) 64bit Professional' Language: 'en' Physical Memory: 32621 MB
BatchMode: 1, IsHumanControllingUs: 0, StartBugReporterOnCrash: 0, Is64bit: 1, IsPro: 1

COMMAND LINE ARGUMENTS:
D:\Unity\Editor\2022.3.20f1\Editor\Unity.exe
-adb2
-batchMode
-noUpm
-name
AssetImportWorker8
-projectPath
C:/Github/Robot-Care
-logFile
Logs/AssetImportWorker8.log
-srvPort
52298
Successfully changed project path to: C:/Github/Robot-Care
C:/Github/Robot-Care
[UnityMemory] Configuration Parameters - Can be set up in boot.config
    "memorysetup-bucket-allocator-granularity=16"
    "memorysetup-bucket-allocator-bucket-count=8"
    "memorysetup-bucket-allocator-block-size=33554432"
    "memorysetup-bucket-allocator-block-count=8"
    "memorysetup-main-allocator-block-size=16777216"
    "memorysetup-thread-allocator-block-size=16777216"
    "memorysetup-gfx-main-allocator-block-size=16777216"
    "memorysetup-gfx-thread-allocator-block-size=16777216"
    "memorysetup-cache-allocator-block-size=4194304"
    "memorysetup-typetree-allocator-block-size=2097152"
    "memorysetup-profiler-bucket-allocator-granularity=16"
    "memorysetup-profiler-bucket-allocator-bucket-count=8"
    "memorysetup-profiler-bucket-allocator-block-size=33554432"
    "memorysetup-profiler-bucket-allocator-block-count=8"
    "memorysetup-profiler-allocator-block-size=16777216"
    "memorysetup-profiler-editor-allocator-block-size=1048576"
    "memorysetup-temp-allocator-size-main=16777216"
    "memorysetup-job-temp-allocator-block-size=2097152"
    "memorysetup-job-temp-allocator-block-size-background=1048576"
    "memorysetup-job-temp-allocator-reduction-small-platforms=262144"
    "memorysetup-allocator-temp-initial-block-size-main=262144"
    "memorysetup-allocator-temp-initial-block-size-worker=262144"
    "memorysetup-temp-allocator-size-background-worker=32768"
    "memorysetup-temp-allocator-size-job-worker=262144"
    "memorysetup-temp-allocator-size-preload-manager=33554432"
    "memorysetup-temp-allocator-size-nav-mesh-worker=65536"
    "memorysetup-temp-allocator-size-audio-worker=65536"
    "memorysetup-temp-allocator-size-cloud-worker=32768"
    "memorysetup-temp-allocator-size-gi-baking-worker=262144"
    "memorysetup-temp-allocator-size-gfx=262144"
Player connection [7824] Host "[IP] 192.168.0.116 [Port] 0 [Flags] 2 [Guid] 370915409 [EditorId] 370915409 [Version] 1048832 [Id] WindowsEditor(7,DESKTOP-O6CST3K) [Debug] 1 [PackageName] WindowsEditor [ProjectName] Editor" joined multi-casting on [225.0.0.222:54997]...

Player connection [7824] Host "[IP] 192.168.0.116 [Port] 0 [Flags] 2 [Guid] 370915409 [EditorId] 370915409 [Version] 1048832 [Id] WindowsEditor(7,DESKTOP-O6CST3K) [Debug] 1 [PackageName] WindowsEditor [ProjectName] Editor" joined alternative multi-casting on [225.0.0.222:34997]...

[Physics::Module] Initialized MultithreadedJobDispatcher with 15 workers.
Refreshing native plugins compatible for Editor in 10.09 ms, found 3 plugins.
Preloading 0 native plugins for Editor in 0.00 ms.
Initialize engine version: 2022.3.20f1 (61c2feb0970d)
[Subsystems] Discovering subsystems at path D:/Unity/Editor/2022.3.20f1/Editor/Data/Resources/UnitySubsystems
[Subsystems] Discovering subsystems at path C:/Github/Robot-Care/Assets
GfxDevice: creating device client; threaded=0; jobified=0
Direct3D:
    Version:  Direct3D 11.0 [level 11.1]
    Renderer: NVIDIA GeForce RTX 3060 (ID=0x2503)
    Vendor:   NVIDIA
    VRAM:     12129 MB
    Driver:   31.0.15.3623
Initialize mono
Mono path[0] = 'D:/Unity/Editor/2022.3.20f1/Editor/Data/Managed'
Mono path[1] = 'D:/Unity/Editor/2022.3.20f1/Editor/Data/MonoBleedingEdge/lib/mono/unityjit-win32'
Mono config path = 'D:/Unity/Editor/2022.3.20f1/Editor/Data/MonoBleedingEdge/etc'
Using monoOptions --debugger-agent=transport=dt_socket,embedding=1,server=y,suspend=n,address=127.0.0.1:56084
Begin MonoManager ReloadAssembly
Registering precompiled unity dll's ...
Register platform support module: D:/Unity/Editor/2022.3.20f1/Editor/Data/PlaybackEngines/WindowsStandaloneSupport/UnityEditor.WindowsStandalone.Extensions.dll
Register platform support module: D:/Unity/Editor/2022.3.20f1/Editor/Data/PlaybackEngines/MetroSupport/UnityEditor.UWP.Extensions.dll
Registered in 0.004710 seconds.
- Loaded All Assemblies, in  0.301 seconds
Native extension for UWP target not found
Native extension for WindowsStandalone target not found
Mono: successfully reloaded assembly
- Finished resetting the current domain, in  0.238 seconds
Domain Reload Profiling: 539ms
	BeginReloadAssembly (88ms)
		ExecutionOrderSort (0ms)
		DisableScriptedObjects (0ms)
		BackupInstance (0ms)
		ReleaseScriptingObjects (0ms)
		CreateAndSetChildDomain (1ms)
	RebuildCommonClasses (31ms)
	RebuildNativeTypeToScriptingClass (10ms)
	initialDomainReloadingComplete (45ms)
	LoadAllAssembliesAndSetupDomain (127ms)
		LoadAssemblies (88ms)
		RebuildTransferFunctionScriptingTraits (0ms)
		AnalyzeDomain (126ms)
			TypeCache.Refresh (124ms)
				TypeCache.ScanAssembly (112ms)
			ScanForSourceGeneratedMonoScriptInfo (0ms)
			ResolveRequiredComponents (0ms)
	FinalizeReload (239ms)
		ReleaseScriptCaches (0ms)
		RebuildScriptCaches (0ms)
		SetupLoadedEditorAssemblies (187ms)
			LogAssemblyErrors (0ms)
			InitializePlatformSupportModulesInManaged (7ms)
			SetLoadedEditorAssemblies (5ms)
			RefreshPlugins (0ms)
			BeforeProcessingInitializeOnLoad (2ms)
			ProcessInitializeOnLoadAttributes (130ms)
			ProcessInitializeOnLoadMethodAttributes (43ms)
			AfterProcessingInitializeOnLoad (0ms)
			EditorAssembliesLoaded (0ms)
		ExecutionOrderSort2 (0ms)
		AwakeInstancesAfterBackupRestoration (0ms)
========================================================================
Worker process is ready to serve import requests
Begin MonoManager ReloadAssembly
- Loaded All Assemblies, in  0.508 seconds
Refreshing native plugins compatible for Editor in 3.03 ms, found 3 plugins.
Native extension for UWP target not found
Native extension for WindowsStandalone target not found
Package Manager log level set to [2]
[Package Manager] Server::EnsureServerProcessIsRunning -- launch failed, reason: Unity was launched with the -noUpm command-line argument
[Package Manager] UpmClient::Send -- Unable to send message (not connected to UPM process).
[Package Manager] Cannot connect to Unity Package Manager local server
Mono: successfully reloaded assembly
- Finished resetting the current domain, in  0.496 seconds
Domain Reload Profiling: 1003ms
	BeginReloadAssembly (130ms)
		ExecutionOrderSort (0ms)
		DisableScriptedObjects (5ms)
		BackupInstance (0ms)
		ReleaseScriptingObjects (0ms)
		CreateAndSetChildDomain (19ms)
	RebuildCommonClasses (30ms)
	RebuildNativeTypeToScriptingClass (10ms)
	initialDomainReloadingComplete (34ms)
	LoadAllAssembliesAndSetupDomain (303ms)
		LoadAssemblies (227ms)
		RebuildTransferFunctionScriptingTraits (0ms)
		AnalyzeDomain (151ms)
			TypeCache.Refresh (134ms)
				TypeCache.ScanAssembly (121ms)
			ScanForSourceGeneratedMonoScriptInfo (12ms)
			ResolveRequiredComponents (4ms)
	FinalizeReload (496ms)
		ReleaseScriptCaches (0ms)
		RebuildScriptCaches (0ms)
		SetupLoadedEditorAssemblies (362ms)
			LogAssemblyErrors (0ms)
			InitializePlatformSupportModulesInManaged (5ms)
			SetLoadedEditorAssemblies (4ms)
			RefreshPlugins (0ms)
			BeforeProcessingInitializeOnLoad (48ms)
			ProcessInitializeOnLoadAttributes (284ms)
			ProcessInitializeOnLoadMethodAttributes (18ms)
			AfterProcessingInitializeOnLoad (2ms)
			EditorAssembliesLoaded (0ms)
		ExecutionOrderSort2 (0ms)
		AwakeInstancesAfterBackupRestoration (6ms)
Launched and connected shader compiler UnityShaderCompiler.exe after 0.03 seconds
Refreshing native plugins compatible for Editor in 2.38 ms, found 3 plugins.
Preloading 0 native plugins for Editor in 0.00 ms.
Unloading 3098 Unused Serialized files (Serialized files now loaded: 0)
Unloading 32 unused Assets / (57.3 KB). Loaded Objects now: 3565.
Memory consumption went from 129.9 MB to 129.9 MB.
Total: 2.411600 ms (FindLiveObjects: 0.226100 ms CreateObjectMapping: 0.190200 ms MarkObjects: 1.915400 ms  DeleteObjects: 0.079100 ms)

AssetImportParameters requested are different than current active one (requested -> active):
  custom:container-demuxer-ogg: 62fdf1f143b41e24485cea50d1cbac27 -> 
  custom:video-decoder-ogg-theora: a1e56fd34408186e4bbccfd4996cb3dc -> 
  custom:framework-win-MediaFoundation: 216162199b28c13a410421893ffa2e32 -> 
  custom:CustomObjectIndexerAttribute: 6d391050e5a25f67b0a2c618074f2cd9 -> 
  custom:container-demuxer-webm: 4f35f7cbe854078d1ac9338744f61a02 -> 
  custom:container-muxer-webm: aa71ff27fc2769a1b78a27578f13a17b -> 
  custom:video-decoder-webm-vp8: 9c59270c3fd7afecdb556c50c9e8de78 -> 
  custom:SearchIndexIgnoredProperties: e643bd26f0fe6173181afceb89e7c659 -> 
  custom:AudioImporter_EditorPlatform: d09bf68614088b80899f8185d706f6e7 -> 
  custom:video-encoder-webm-vp8: eb34c28f22e8b96e1ab97ce403110664 -> 
  custom:audio-decoder-ogg-vorbis: bf7c407c2cedff20999df2af8eb42d56 -> 
  custom:audio-encoder-webm-vorbis: bf7c407c2cedff20999df2af8eb42d56 -> 
========================================================================
Received Import Request.
  Time since last request: 86047.092801 seconds.
  path: Assets/PolygonSciFiSpace/Prefabs/Buildings/SM_Bld_Floor_Small_07.prefab
  artifactKey: Guid(6bd51e4648fa5a74d8b953a640743df3) Importer(815301076,1909f56bfc062723c751e8b465ee728b)
Start importing Assets/PolygonSciFiSpace/Prefabs/Buildings/SM_Bld_Floor_Small_07.prefab using Guid(6bd51e4648fa5a74d8b953a640743df3) Importer(815301076,1909f56bfc062723c751e8b465ee728b)  -> (artifact id: '54669728800ab3c4740b6bdbf3422430') in 0.118802 seconds
Number of updated asset objects reloaded before import = 0
Number of asset objects unloaded after import = 11
========================================================================
Received Import Request.
  Time since last request: 0.000022 seconds.
  path: Assets/PolygonSciFiSpace/Prefabs/Buildings/SM_Bld_Hydroponics_UpperFloor_01.prefab
  artifactKey: Guid(e62b811258b447c40abef3a58829cbaf) Importer(815301076,1909f56bfc062723c751e8b465ee728b)
Start importing Assets/PolygonSciFiSpace/Prefabs/Buildings/SM_Bld_Hydroponics_UpperFloor_01.prefab using Guid(e62b811258b447c40abef3a58829cbaf) Importer(815301076,1909f56bfc062723c751e8b465ee728b)  -> (artifact id: 'b6af8cba8ca40d134a281a388081820e') in 0.020116 seconds
Number of updated asset objects reloaded before import = 0
Number of asset objects unloaded after import = 32
========================================================================
Received Import Request.
  Time since last request: 1.817195 seconds.
  path: Assets/PolygonSciFiSpace/Prefabs/Buildings/SM_Bld_Lift_01.prefab
  artifactKey: Guid(e22d03e3d1c9ecb4c9fee97f23b613f2) Importer(815301076,1909f56bfc062723c751e8b465ee728b)
Start importing Assets/PolygonSciFiSpace/Prefabs/Buildings/SM_Bld_Lift_01.prefab using Guid(e22d03e3d1c9ecb4c9fee97f23b613f2) Importer(815301076,1909f56bfc062723c751e8b465ee728b)  -> (artifact id: 'ffff35491ad8ed39f005481ee4c5c41a') in 0.013840 seconds
Number of updated asset objects reloaded before import = 0
Number of asset objects unloaded after import = 24
========================================================================
Received Import Request.
  Time since last request: 0.019694 seconds.
  path: Assets/PolygonSciFiSpace/Prefabs/Buildings/SM_Bld_Roof_Exterior_03.prefab
  artifactKey: Guid(98022ae5e1ecb0046b27fc127b3fe256) Importer(815301076,1909f56bfc062723c751e8b465ee728b)
Start importing Assets/PolygonSciFiSpace/Prefabs/Buildings/SM_Bld_Roof_Exterior_03.prefab using Guid(98022ae5e1ecb0046b27fc127b3fe256) Importer(815301076,1909f56bfc062723c751e8b465ee728b)  -> (artifact id: 'cd4cc23632ddd22edcb6c4ccbe14c03f') in 0.053968 seconds
Number of updated asset objects reloaded before import = 0
Number of asset objects unloaded after import = 12
========================================================================
Received Import Request.
  Time since last request: 0.000011 seconds.
  path: Assets/PolygonSciFiSpace/Prefabs/Buildings/SM_Bld_Wall_Corner_Pillar_01.prefab
  artifactKey: Guid(7eecc3884fdf1a54796bc19d450d5ec3) Importer(815301076,1909f56bfc062723c751e8b465ee728b)
Start importing Assets/PolygonSciFiSpace/Prefabs/Buildings/SM_Bld_Wall_Corner_Pillar_01.prefab using Guid(7eecc3884fdf1a54796bc19d450d5ec3) Importer(815301076,1909f56bfc062723c751e8b465ee728b)  -> (artifact id: '2d55038e8a97d8b56d2edc04db97dd7a') in 0.016169 seconds
Number of updated asset objects reloaded before import = 0
Number of asset objects unloaded after import = 16
========================================================================
Received Import Request.
  Time since last request: 0.000015 seconds.
  path: Assets/PolygonSciFiSpace/Prefabs/Buildings/SM_Bld_Wall_Corner_Pillar_05.prefab
  artifactKey: Guid(ffb9530120a5a9145b1423d2c8801474) Importer(815301076,1909f56bfc062723c751e8b465ee728b)
Start importing Assets/PolygonSciFiSpace/Prefabs/Buildings/SM_Bld_Wall_Corner_Pillar_05.prefab using Guid(ffb9530120a5a9145b1423d2c8801474) Importer(815301076,1909f56bfc062723c751e8b465ee728b)  -> (artifact id: '4d29da2fe4ff90805635e1b63972f38d') in 0.014400 seconds
Number of updated asset objects reloaded before import = 0
Number of asset objects unloaded after import = 16
========================================================================
Received Import Request.
  Time since last request: 0.000011 seconds.
  path: Assets/PolygonSciFiSpace/Prefabs/Buildings/SM_Bld_Wall_Corner_Pillar_Wide_01.prefab
  artifactKey: Guid(a7149a0b682266446856c01a68e36dba) Importer(815301076,1909f56bfc062723c751e8b465ee728b)
Start importing Assets/PolygonSciFiSpace/Prefabs/Buildings/SM_Bld_Wall_Corner_Pillar_Wide_01.prefab using Guid(a7149a0b682266446856c01a68e36dba) Importer(815301076,1909f56bfc062723c751e8b465ee728b)  -> (artifact id: '02d1e337822c0512dd3eb2c399633ad8') in 0.011121 seconds
Number of updated asset objects reloaded before import = 0
Number of asset objects unloaded after import = 17
========================================================================
Received Import Request.
  Time since last request: 0.000013 seconds.
  path: Assets/PolygonSciFiSpace/Prefabs/Buildings/SM_Bld_Wall_03.prefab
  artifactKey: Guid(9a0b50ddb0002a047a3c8cefb24da0c5) Importer(815301076,1909f56bfc062723c751e8b465ee728b)
Start importing Assets/PolygonSciFiSpace/Prefabs/Buildings/SM_Bld_Wall_03.prefab using Guid(9a0b50ddb0002a047a3c8cefb24da0c5) Importer(815301076,1909f56bfc062723c751e8b465ee728b)  -> (artifact id: '6128cc016a420ae6698513e638a14fd6') in 0.017668 seconds
Number of updated asset objects reloaded before import = 0
Number of asset objects unloaded after import = 16
========================================================================
Received Import Request.
  Time since last request: 0.000012 seconds.
  path: Assets/PolygonSciFiSpace/Prefabs/Buildings/SM_Bld_Wall_Corner_Pillar_Wide_03.prefab
  artifactKey: Guid(e777cdde0977dcf46bf0ad637b292fb1) Importer(815301076,1909f56bfc062723c751e8b465ee728b)
Start importing Assets/PolygonSciFiSpace/Prefabs/Buildings/SM_Bld_Wall_Corner_Pillar_Wide_03.prefab using Guid(e777cdde0977dcf46bf0ad637b292fb1) Importer(815301076,1909f56bfc062723c751e8b465ee728b)  -> (artifact id: 'be9a0d2cf4a04904ab5341bc886ef984') in 0.025975 seconds
Number of updated asset objects reloaded before import = 0
Number of asset objects unloaded after import = 16
========================================================================
Received Import Request.
  Time since last request: 0.000019 seconds.
  path: Assets/PolygonSciFiSpace/Prefabs/Buildings/SM_Bld_Wall_Doorframe_05.prefab
  artifactKey: Guid(c79bce860443a8f4eb9074a877f05d18) Importer(815301076,1909f56bfc062723c751e8b465ee728b)
Start importing Assets/PolygonSciFiSpace/Prefabs/Buildings/SM_Bld_Wall_Doorframe_05.prefab using Guid(c79bce860443a8f4eb9074a877f05d18) Importer(815301076,1909f56bfc062723c751e8b465ee728b)  -> (artifact id: '1e134b13e70844a96f0e77095e9574e4') in 0.020359 seconds
Number of updated asset objects reloaded before import = 0
Number of asset objects unloaded after import = 24
========================================================================
Received Import Request.
  Time since last request: 0.000015 seconds.
  path: Assets/PolygonSciFiSpace/Prefabs/Buildings/SM_Bld_Wall_Doorframe_Outer_01.prefab
  artifactKey: Guid(3a4bd5bb74d857543abf7d823c47cb0b) Importer(815301076,1909f56bfc062723c751e8b465ee728b)
Start importing Assets/PolygonSciFiSpace/Prefabs/Buildings/SM_Bld_Wall_Doorframe_Outer_01.prefab using Guid(3a4bd5bb74d857543abf7d823c47cb0b) Importer(815301076,1909f56bfc062723c751e8b465ee728b)  -> (artifact id: 'd0df7837ed710063617e7dddb8c506bb') in 0.013698 seconds
Number of updated asset objects reloaded before import = 0
Number of asset objects unloaded after import = 11
========================================================================
Received Import Request.
  Time since last request: 0.000015 seconds.
  path: Assets/PolygonSciFiSpace/Prefabs/Buildings/SM_Bld_Wall_Doorframe_Outer_02.prefab
  artifactKey: Guid(7049251ad0cb1b14195f88b54d3847a1) Importer(815301076,1909f56bfc062723c751e8b465ee728b)
Start importing Assets/PolygonSciFiSpace/Prefabs/Buildings/SM_Bld_Wall_Doorframe_Outer_02.prefab using Guid(7049251ad0cb1b14195f88b54d3847a1) Importer(815301076,1909f56bfc062723c751e8b465ee728b)  -> (artifact id: 'f44abe69434124ec595aa4a82bdfc550') in 0.013333 seconds
Number of updated asset objects reloaded before import = 0
Number of asset objects unloaded after import = 11
========================================================================
Received Import Request.
  Time since last request: 0.000019 seconds.
  path: Assets/PolygonSciFiSpace/Prefabs/Buildings/SM_Bld_Wall_Doorframe_03.prefab
  artifactKey: Guid(ab94f4534e23ba141a10b1ca23fa05ce) Importer(815301076,1909f56bfc062723c751e8b465ee728b)
Start importing Assets/PolygonSciFiSpace/Prefabs/Buildings/SM_Bld_Wall_Doorframe_03.prefab using Guid(ab94f4534e23ba141a10b1ca23fa05ce) Importer(815301076,1909f56bfc062723c751e8b465ee728b)  -> (artifact id: '32788d753d55c9fd210ea881b3627e3f') in 0.011168 seconds
Number of updated asset objects reloaded before import = 0
Number of asset objects unloaded after import = 18
========================================================================
Received Import Request.
  Time since last request: 0.001861 seconds.
  path: Assets/PolygonSciFiSpace/Prefabs/Buildings/SM_Bld_Wall_Exterior_Window_01.prefab
  artifactKey: Guid(99077309963a2c34a8f2d7e1dfb4f4ce) Importer(815301076,1909f56bfc062723c751e8b465ee728b)
Start importing Assets/PolygonSciFiSpace/Prefabs/Buildings/SM_Bld_Wall_Exterior_Window_01.prefab using Guid(99077309963a2c34a8f2d7e1dfb4f4ce) Importer(815301076,1909f56bfc062723c751e8b465ee728b)  -> (artifact id: '11720df1e380a185c305c556c9447c4d') in 0.018664 seconds
Number of updated asset objects reloaded before import = 0
Number of asset objects unloaded after import = 13
========================================================================
Received Import Request.
  Time since last request: 0.000012 seconds.
  path: Assets/PolygonSciFiSpace/Prefabs/Buildings/SM_Bld_Wall_Mechanical_02.prefab
  artifactKey: Guid(bb7183613fb04cf4d9756746065ddc35) Importer(815301076,1909f56bfc062723c751e8b465ee728b)
Start importing Assets/PolygonSciFiSpace/Prefabs/Buildings/SM_Bld_Wall_Mechanical_02.prefab using Guid(bb7183613fb04cf4d9756746065ddc35) Importer(815301076,1909f56bfc062723c751e8b465ee728b)  -> (artifact id: 'cbf57f849f112b5401bcedc1d3296509') in 0.014035 seconds
Number of updated asset objects reloaded before import = 0
Number of asset objects unloaded after import = 14
========================================================================
Received Import Request.
  Time since last request: 0.000014 seconds.
  path: Assets/PolygonSciFiSpace/Prefabs/Buildings/SM_Bld_Wall_Mechanical_01.prefab
  artifactKey: Guid(fdc5679d271780745a81bcd824802cec) Importer(815301076,1909f56bfc062723c751e8b465ee728b)
Start importing Assets/PolygonSciFiSpace/Prefabs/Buildings/SM_Bld_Wall_Mechanical_01.prefab using Guid(fdc5679d271780745a81bcd824802cec) Importer(815301076,1909f56bfc062723c751e8b465ee728b)  -> (artifact id: 'e29c81bb312a880512a1712a07e9c550') in 0.010410 seconds
Number of updated asset objects reloaded before import = 0
Number of asset objects unloaded after import = 12
========================================================================
Received Import Request.
  Time since last request: 0.012775 seconds.
  path: Assets/PolygonSciFiSpace/Prefabs/Buildings/SM_Bld_Wall_Pillar_04.prefab
  artifactKey: Guid(39715cfdfd957a7469ecffc588368d19) Importer(815301076,1909f56bfc062723c751e8b465ee728b)
Start importing Assets/PolygonSciFiSpace/Prefabs/Buildings/SM_Bld_Wall_Pillar_04.prefab using Guid(39715cfdfd957a7469ecffc588368d19) Importer(815301076,1909f56bfc062723c751e8b465ee728b)  -> (artifact id: '9c3647a56e0009d15b7cb6c476f2ccd0') in 0.057724 seconds
Number of updated asset objects reloaded before import = 0
Number of asset objects unloaded after import = 14
========================================================================
Received Import Request.
  Time since last request: 132.457088 seconds.
  path: Assets/Scenes/SpaceRoom.unity
  artifactKey: Guid(f54d041f781e9f34a804647bc1aed11e) Importer(815301076,1909f56bfc062723c751e8b465ee728b)
Start importing Assets/Scenes/SpaceRoom.unity using Guid(f54d041f781e9f34a804647bc1aed11e) Importer(815301076,1909f56bfc062723c751e8b465ee728b)  -> (artifact id: 'b46d4f06386d2fa41a998ddbc9712147') in 0.000705 seconds
Number of updated asset objects reloaded before import = 0
Number of asset objects unloaded after import = 0
========================================================================
Received Import Request.
  Time since last request: 260.237365 seconds.
  path: Assets/Scenes/SpaceRoom.unity
  artifactKey: Guid(f54d041f781e9f34a804647bc1aed11e) Importer(815301076,1909f56bfc062723c751e8b465ee728b)
Start importing Assets/Scenes/SpaceRoom.unity using Guid(f54d041f781e9f34a804647bc1aed11e) Importer(815301076,1909f56bfc062723c751e8b465ee728b)  -> (artifact id: 'e9ec862e30d6f23ddff4597665feee60') in 0.000603 seconds
Number of updated asset objects reloaded before import = 0
Number of asset objects unloaded after import = 0
========================================================================
Received Import Request.
  Time since last request: 129.814874 seconds.
  path: Assets/Scenes/SpaceRoom.unity
  artifactKey: Guid(f54d041f781e9f34a804647bc1aed11e) Importer(815301076,1909f56bfc062723c751e8b465ee728b)
Start importing Assets/Scenes/SpaceRoom.unity using Guid(f54d041f781e9f34a804647bc1aed11e) Importer(815301076,1909f56bfc062723c751e8b465ee728b)  -> (artifact id: '3b3ac9c6faf2060d398ca549c075c2b0') in 0.000588 seconds
Number of updated asset objects reloaded before import = 0
Number of asset objects unloaded after import = 0
========================================================================
Received Import Request.
  Time since last request: 289.250166 seconds.
  path: Assets/Scenes/SpaceRoom.unity
  artifactKey: Guid(f54d041f781e9f34a804647bc1aed11e) Importer(815301076,1909f56bfc062723c751e8b465ee728b)
Start importing Assets/Scenes/SpaceRoom.unity using Guid(f54d041f781e9f34a804647bc1aed11e) Importer(815301076,1909f56bfc062723c751e8b465ee728b)  -> (artifact id: 'f4604ea89659741097e03675c2872645') in 0.000603 seconds
Number of updated asset objects reloaded before import = 0
Number of asset objects unloaded after import = 0
========================================================================
Received Import Request.
  Time since last request: 866.866757 seconds.
  path: Assets/Scenes/SpaceRoom.unity
  artifactKey: Guid(f54d041f781e9f34a804647bc1aed11e) Importer(815301076,1909f56bfc062723c751e8b465ee728b)
Start importing Assets/Scenes/SpaceRoom.unity using Guid(f54d041f781e9f34a804647bc1aed11e) Importer(815301076,1909f56bfc062723c751e8b465ee728b)  -> (artifact id: '93bb9d2b5118b7db285d10e77a5b793c') in 0.000593 seconds
Number of updated asset objects reloaded before import = 0
Number of asset objects unloaded after import = 0
========================================================================
Received Import Request.
  Time since last request: 40.013731 seconds.
  path: Assets/PolygonSciFiSpace/Scenes/Demo_Interior.unity
  artifactKey: Guid(60bc4c0d7fa81944290d3eaf8d44a851) Importer(815301076,1909f56bfc062723c751e8b465ee728b)
Start importing Assets/PolygonSciFiSpace/Scenes/Demo_Interior.unity using Guid(60bc4c0d7fa81944290d3eaf8d44a851) Importer(815301076,1909f56bfc062723c751e8b465ee728b)  -> (artifact id: '1dff15945d7d9ae39dda1035f73c3f45') in 0.000409 seconds
Number of updated asset objects reloaded before import = 0
Number of asset objects unloaded after import = 0
========================================================================
Received Import Request.
  Time since last request: 0.978875 seconds.
  path: Assets/PolygonSciFiSpace/Scenes/Demo_InteriorSettings.lighting
  artifactKey: Guid(d3b79bf372424d0459115911457f4887) Importer(815301076,1909f56bfc062723c751e8b465ee728b)
Start importing Assets/PolygonSciFiSpace/Scenes/Demo_InteriorSettings.lighting using Guid(d3b79bf372424d0459115911457f4887) Importer(815301076,1909f56bfc062723c751e8b465ee728b) LightingSettings: switching bake backend from 1 to 0.
 -> (artifact id: 'e0fa05b115cffd203757aa88997bc524') in 0.000971 seconds
Number of updated asset objects reloaded before import = 0
Number of asset objects unloaded after import = 1
========================================================================
Received Import Request.
  Time since last request: 28.166850 seconds.
  path: Assets/PolygonSciFiSpace/Materials/Misc/PolygonScifiSpace_Cockpit_Glass.mat
  artifactKey: Guid(4ebffc301dc299a428c1363ddfed99cf) Importer(815301076,1909f56bfc062723c751e8b465ee728b)
Start importing Assets/PolygonSciFiSpace/Materials/Misc/PolygonScifiSpace_Cockpit_Glass.mat using Guid(4ebffc301dc299a428c1363ddfed99cf) Importer(815301076,1909f56bfc062723c751e8b465ee728b)  -> (artifact id: 'a28c8e00481168a015ed903b28743b11') in 0.033056 seconds
Number of updated asset objects reloaded before import = 0
Number of asset objects unloaded after import = 1
========================================================================
Received Import Request.
  Time since last request: 0.000025 seconds.
  path: Assets/PolygonSciFiSpace/Materials/Misc/PolygonScifiSpace_Material_Grey.mat
  artifactKey: Guid(5de63e102847964469ac405410d914eb) Importer(815301076,1909f56bfc062723c751e8b465ee728b)
Start importing Assets/PolygonSciFiSpace/Materials/Misc/PolygonScifiSpace_Material_Grey.mat using Guid(5de63e102847964469ac405410d914eb) Importer(815301076,1909f56bfc062723c751e8b465ee728b)  -> (artifact id: 'd6d8c732c6a4df294d30e53877630925') in 0.017318 seconds
Number of updated asset objects reloaded before import = 0
Number of asset objects unloaded after import = 1
========================================================================
Received Import Request.
  Time since last request: 0.000022 seconds.
  path: Assets/PolygonSciFiSpace/Materials/Misc/PolygonScifiSpace_Skybox_04.mat
  artifactKey: Guid(171e6ee74c4706e408c3ae23b55f467f) Importer(815301076,1909f56bfc062723c751e8b465ee728b)
Start importing Assets/PolygonSciFiSpace/Materials/Misc/PolygonScifiSpace_Skybox_04.mat using Guid(171e6ee74c4706e408c3ae23b55f467f) Importer(815301076,1909f56bfc062723c751e8b465ee728b)  -> (artifact id: '034d602c9285092d9dd71462e8fb3b2e') in 0.392128 seconds
Number of updated asset objects reloaded before import = 0
Number of asset objects unloaded after import = 7
========================================================================
Received Import Request.
  Time since last request: 0.000016 seconds.
  path: Assets/PolygonSciFiSpace/Materials/Misc/PolygonScifiSpace_Skybox_02.mat
  artifactKey: Guid(cb0c4d20058461a4db7dc95a11a894ee) Importer(815301076,1909f56bfc062723c751e8b465ee728b)
Start importing Assets/PolygonSciFiSpace/Materials/Misc/PolygonScifiSpace_Skybox_02.mat using Guid(cb0c4d20058461a4db7dc95a11a894ee) Importer(815301076,1909f56bfc062723c751e8b465ee728b)  -> (artifact id: '387ff3fd216626f335be07fcd25c5f43') in 0.200170 seconds
Number of updated asset objects reloaded before import = 0
Number of asset objects unloaded after import = 7
Editor requested this worker to shutdown with reason: Scaling down because of idle timeout
TcpMessagingSession - receive error: operation aborted. errorcode: 995, details: The I/O operation has been aborted because of either a thread exit or an application request.
AssetImportWorker is now disconnected from the server
Process exiting
Exiting without the bug reporter. Application will terminate with return code 0